<?xml version="1.0" encoding="UTF-8"?>
<robot generator="Robot 5.0.1 (Python 3.9.10 on darwin)" generated="20220718 11:15:52.828" rpa="false" schemaversion="3">
<suite id="s1" name="Testsuites" source="/Users/admin/Downloads/assign/Cognizant/Oppenheimer/testsuites">
<suite id="s1-s1" name="Api" source="/Users/admin/Downloads/assign/Cognizant/Oppenheimer/testsuites/api">
<suite id="s1-s1-s1" name="CalculatorApiTestsuite" source="/Users/admin/Downloads/assign/Cognizant/Oppenheimer/testsuites/api/CalculatorApiTestsuite.robot">
<test id="s1-s1-s1-t1" name="As the Clerk, I can insert a single record of working class hero into database via an API successfully" line="10">
<kw name="Make POST Request To Clear Database" library="DatabaseApiSteps" type="SETUP">
<doc>This keyword is used for sending a POST request to clear database</doc>
<kw name="Create Session" library="RequestsLibrary">
<arg>session</arg>
<arg>${BASE_URL}</arg>
<doc>Create Session: create a HTTP session to a server</doc>
<msg timestamp="20220718 11:15:54.271" level="INFO">Creating Session using : alias=session, url=http://localhost:8080/, headers={},                     cookies={}, auth=None, timeout=None, proxies=None, verify=False,                     debug=0 </msg>
<status status="PASS" starttime="20220718 11:15:54.270" endtime="20220718 11:15:54.271"/>
</kw>
<kw name="Create Dictionary" library="BuiltIn">
<var>${headers}</var>
<arg>accept=*/*</arg>
<arg>Content-Type=application/json</arg>
<doc>Creates and returns a dictionary based on the given ``items``.</doc>
<msg timestamp="20220718 11:15:54.272" level="INFO">${headers} = {'accept': '*/*', 'Content-Type': 'application/json'}</msg>
<status status="PASS" starttime="20220718 11:15:54.271" endtime="20220718 11:15:54.272"/>
</kw>
<kw name="POST On Session" library="RequestsLibrary">
<var>${response}</var>
<arg>session</arg>
<arg>${URI_RAKE_DB}</arg>
<arg>headers=${headers}</arg>
<doc>Sends a POST request on a previously created HTTP Session.</doc>
<msg timestamp="20220718 11:15:54.285" level="INFO">POST Request : url=http://localhost:8080/calculator/rakeDatabase 
 path_url=/calculator/rakeDatabase 
 headers={'User-Agent': 'python-requests/2.28.1', 'Accept-Encoding': 'gzip, deflate', 'accept': '*/*', 'Connection': 'keep-alive', 'Content-Type': 'application/json', 'Content-Length': '0'} 
 body=None 
 </msg>
<msg timestamp="20220718 11:15:54.285" level="INFO">POST Response : url=http://localhost:8080/calculator/rakeDatabase 
 status=200, reason= 
 headers={'Content-Type': 'text/plain;charset=UTF-8', 'Content-Length': '21', 'Date': 'Mon, 18 Jul 2022 04:15:54 GMT'} 
 body=Successfully raked DB 
 </msg>
<msg timestamp="20220718 11:15:54.286" level="INFO">${response} = &lt;Response [200]&gt;</msg>
<status status="PASS" starttime="20220718 11:15:54.272" endtime="20220718 11:15:54.286"/>
</kw>
<status status="PASS" starttime="20220718 11:15:54.270" endtime="20220718 11:15:54.286"/>
</kw>
<kw name="Generate A Random Birthday" library="CommonSteps">
<var>${birthday}</var>
<doc>This keyword is used for genarating a random birthday which age &gt;=18 and age&lt;=80</doc>
<kw name="Date Of Birth" library="FakerLibrary">
<var>${date}</var>
<arg>minimum_age=18</arg>
<arg>maximum_age=80</arg>
<doc>Generate a random date of birth represented as a Date object,
constrained by optional miminimum_age and maximum_age
parameters.</doc>
<msg timestamp="20220718 11:15:54.288" level="INFO">${date} = 1995-04-15</msg>
<status status="PASS" starttime="20220718 11:15:54.287" endtime="20220718 11:15:54.288"/>
</kw>
<kw name="Convert To String" library="BuiltIn">
<var>${date}</var>
<arg>${date}</arg>
<doc>Converts the given item to a Unicode string.</doc>
<msg timestamp="20220718 11:15:54.288" level="INFO">${date} = 1995-04-15</msg>
<status status="PASS" starttime="20220718 11:15:54.288" endtime="20220718 11:15:54.288"/>
</kw>
<kw name="Split String" library="String">
<var>${arr}</var>
<arg>${date}</arg>
<arg>separator=-</arg>
<doc>Splits the ``string`` using ``separator`` as a delimiter string.</doc>
<msg timestamp="20220718 11:15:54.289" level="INFO">${arr} = ['1995', '04', '15']</msg>
<status status="PASS" starttime="20220718 11:15:54.288" endtime="20220718 11:15:54.289"/>
</kw>
<kw name="Set Variable" library="BuiltIn">
<var>${birthday}</var>
<arg>${arr[2]}${arr[1]}${arr[0]}</arg>
<doc>Returns the given values which can then be assigned to a variables.</doc>
<msg timestamp="20220718 11:15:54.291" level="INFO">${birthday} = 15041995</msg>
<status status="PASS" starttime="20220718 11:15:54.289" endtime="20220718 11:15:54.291"/>
</kw>
<msg timestamp="20220718 11:15:54.291" level="INFO">${birthday} = 15041995</msg>
<status status="PASS" starttime="20220718 11:15:54.286" endtime="20220718 11:15:54.291"/>
</kw>
<kw name="Generate A Random Name" library="CommonSteps">
<var>${name}</var>
<doc>This keyword is used for genarating a random name</doc>
<kw name="Name" library="FakerLibrary">
<var>${name}</var>
<doc>:example 'John Doe'</doc>
<msg timestamp="20220718 11:15:54.292" level="INFO">${name} = David Miller</msg>
<status status="PASS" starttime="20220718 11:15:54.291" endtime="20220718 11:15:54.292"/>
</kw>
<msg timestamp="20220718 11:15:54.292" level="INFO">${name} = David Miller</msg>
<status status="PASS" starttime="20220718 11:15:54.291" endtime="20220718 11:15:54.292"/>
</kw>
<kw name="Generate A Random Gender" library="CommonSteps">
<var>${gender}</var>
<doc>This keyword is used for genarating a random gender, only return 'M' or 'F'</doc>
<kw name="Evaluate" library="BuiltIn">
<var>${gender}</var>
<arg>random.choice(['M', 'F'])</arg>
<arg>random</arg>
<doc>Evaluates the given expression in Python and returns the result.</doc>
<msg timestamp="20220718 11:15:54.293" level="INFO">${gender} = M</msg>
<status status="PASS" starttime="20220718 11:15:54.293" endtime="20220718 11:15:54.293"/>
</kw>
<msg timestamp="20220718 11:15:54.294" level="INFO">${gender} = M</msg>
<status status="PASS" starttime="20220718 11:15:54.293" endtime="20220718 11:15:54.294"/>
</kw>
<kw name="Generate A Random Natural ID Code" library="CommonSteps">
<var>${natid}</var>
<arg>${name}</arg>
<doc>This keyword is used for genarating a random natural ID , actually it will return an unique email.</doc>
<kw name="Free Email Domain" library="FakerLibrary">
<var>${email_domain}</var>
<msg timestamp="20220718 11:15:54.294" level="INFO">${email_domain} = yahoo.com</msg>
<status status="PASS" starttime="20220718 11:15:54.294" endtime="20220718 11:15:54.294"/>
</kw>
<kw name="Replace String" library="String">
<var>${p_name}</var>
<arg>${p_name}</arg>
<arg>${SPACE}</arg>
<arg>.</arg>
<doc>Replaces ``search_for`` in the given ``string`` with ``replace_with``.</doc>
<msg timestamp="20220718 11:15:54.295" level="INFO">${p_name} = David.Miller</msg>
<status status="PASS" starttime="20220718 11:15:54.295" endtime="20220718 11:15:54.295"/>
</kw>
<kw name="Evaluate" library="BuiltIn">
<var>${epoch_time}</var>
<arg>int(time.time())</arg>
<arg>time</arg>
<doc>Evaluates the given expression in Python and returns the result.</doc>
<msg timestamp="20220718 11:15:54.295" level="INFO">${epoch_time} = 1658117754</msg>
<status status="PASS" starttime="20220718 11:15:54.295" endtime="20220718 11:15:54.295"/>
</kw>
<kw name="Set Variable" library="BuiltIn">
<var>${email}</var>
<arg>${p_name}_${epoch_time}@${email_domain}</arg>
<doc>Returns the given values which can then be assigned to a variables.</doc>
<msg timestamp="20220718 11:15:54.296" level="INFO">${email} = David.Miller_1658117754@yahoo.com</msg>
<status status="PASS" starttime="20220718 11:15:54.296" endtime="20220718 11:15:54.296"/>
</kw>
<msg timestamp="20220718 11:15:54.296" level="INFO">${natid} = David.Miller_1658117754@yahoo.com</msg>
<status status="PASS" starttime="20220718 11:15:54.294" endtime="20220718 11:15:54.296"/>
</kw>
<kw name="Generate A Random Salary" library="CommonSteps">
<var>${salary}</var>
<doc>This keyword is used for genarating a random salary, salary will in range 3,000 (USD) to 30,000 (USD)</doc>
<kw name="Evaluate" library="BuiltIn">
<var>${salary}</var>
<arg>random.randint(3000,30000)</arg>
<arg>random</arg>
<doc>Evaluates the given expression in Python and returns the result.</doc>
<msg timestamp="20220718 11:15:54.297" level="INFO">${salary} = 18440</msg>
<status status="PASS" starttime="20220718 11:15:54.297" endtime="20220718 11:15:54.297"/>
</kw>
<msg timestamp="20220718 11:15:54.297" level="INFO">${salary} = 18440</msg>
<status status="PASS" starttime="20220718 11:15:54.296" endtime="20220718 11:15:54.297"/>
</kw>
<kw name="Generate A Tax Base On Salary" library="CommonSteps">
<var>${tax}</var>
<arg>${salary}</arg>
<doc>This keyword is used for genarating a tax based on the salary provide as paramter
if salary &lt;4,000 then tax percent is 0% of salary, mean they dont have to pay tax
if 4,000 &lt;= salary &lt;10,000 then tax percent is 10% of salary
if 10,000 &lt;= salary &lt;20,000 then tax percent is 20% of salary
rest, if salary ablove 20,000 then tax percent is 30% of salary
first we will count tax percent base on the salary then , we will count the tax amount and round to integer and return.</doc>
<kw name="Set Variable" library="BuiltIn">
<var>${tax_percent}</var>
<arg>0</arg>
<doc>Returns the given values which can then be assigned to a variables.</doc>
<msg timestamp="20220718 11:15:54.298" level="INFO">${tax_percent} = 0</msg>
<status status="PASS" starttime="20220718 11:15:54.298" endtime="20220718 11:15:54.298"/>
</kw>
<if>
<branch type="IF" condition="${p_salary} &lt; 4000">
<kw name="Set Variable" library="BuiltIn">
<var>${tax_percent}</var>
<arg>0</arg>
<doc>Returns the given values which can then be assigned to a variables.</doc>
<status status="NOT RUN" starttime="20220718 11:15:54.299" endtime="20220718 11:15:54.299"/>
</kw>
<status status="NOT RUN" starttime="20220718 11:15:54.299" endtime="20220718 11:15:54.299"/>
</branch>
<branch type="ELSE IF" condition="${p_salary} &gt;= 4000 and ${p_salary} &lt; 10000">
<kw name="Set Variable" library="BuiltIn">
<var>${tax_percent}</var>
<arg>10</arg>
<doc>Returns the given values which can then be assigned to a variables.</doc>
<status status="NOT RUN" starttime="20220718 11:15:54.299" endtime="20220718 11:15:54.299"/>
</kw>
<status status="NOT RUN" starttime="20220718 11:15:54.299" endtime="20220718 11:15:54.299"/>
</branch>
<branch type="ELSE IF" condition="${p_salary} &gt;= 10000 and ${p_salary} &lt; 20000">
<kw name="Set Variable" library="BuiltIn">
<var>${tax_percent}</var>
<arg>20</arg>
<doc>Returns the given values which can then be assigned to a variables.</doc>
<msg timestamp="20220718 11:15:54.300" level="INFO">${tax_percent} = 20</msg>
<status status="PASS" starttime="20220718 11:15:54.299" endtime="20220718 11:15:54.300"/>
</kw>
<status status="PASS" starttime="20220718 11:15:54.299" endtime="20220718 11:15:54.300"/>
</branch>
<branch type="ELSE">
<kw name="Set Variable" library="BuiltIn">
<var>${tax_percent}</var>
<arg>30</arg>
<doc>Returns the given values which can then be assigned to a variables.</doc>
<status status="NOT RUN" starttime="20220718 11:15:54.300" endtime="20220718 11:15:54.300"/>
</kw>
<status status="NOT RUN" starttime="20220718 11:15:54.300" endtime="20220718 11:15:54.300"/>
</branch>
<status status="PASS" starttime="20220718 11:15:54.298" endtime="20220718 11:15:54.300"/>
</if>
<kw name="Evaluate" library="BuiltIn">
<var>${tax_amount}</var>
<arg>${tax_percent} * ${p_salary} / 100</arg>
<doc>Evaluates the given expression in Python and returns the result.</doc>
<msg timestamp="20220718 11:15:54.300" level="INFO">${tax_amount} = 3688.0</msg>
<status status="PASS" starttime="20220718 11:15:54.300" endtime="20220718 11:15:54.300"/>
</kw>
<kw name="Convert To Integer" library="BuiltIn">
<var>${tax_amount}</var>
<arg>${tax_amount}</arg>
<doc>Converts the given item to an integer number.</doc>
<msg timestamp="20220718 11:15:54.301" level="INFO">${tax_amount} = 3688</msg>
<status status="PASS" starttime="20220718 11:15:54.301" endtime="20220718 11:15:54.301"/>
</kw>
<msg timestamp="20220718 11:15:54.301" level="INFO">${tax} = 3688</msg>
<status status="PASS" starttime="20220718 11:15:54.298" endtime="20220718 11:15:54.301"/>
</kw>
<kw name="Make POST Request To Insert A Person" library="CalculatorApiSteps">
<var>${response}</var>
<arg>${birthday}</arg>
<arg>${gender}</arg>
<arg>${name}</arg>
<arg>${natid}</arg>
<arg>${salary}</arg>
<arg>${tax}</arg>
<doc>This keyword is used for sending a POST request to create new person</doc>
<kw name="Create Session" library="RequestsLibrary">
<arg>session</arg>
<arg>${BASE_URL}</arg>
<doc>Create Session: create a HTTP session to a server</doc>
<msg timestamp="20220718 11:15:54.302" level="INFO">Creating Session using : alias=session, url=http://localhost:8080/, headers={},                     cookies={}, auth=None, timeout=None, proxies=None, verify=False,                     debug=0 </msg>
<status status="PASS" starttime="20220718 11:15:54.302" endtime="20220718 11:15:54.302"/>
</kw>
<kw name="Create Dictionary" library="BuiltIn">
<var>${headers}</var>
<arg>accept=*/*</arg>
<arg>Content-Type=application/json</arg>
<doc>Creates and returns a dictionary based on the given ``items``.</doc>
<msg timestamp="20220718 11:15:54.303" level="INFO">${headers} = {'accept': '*/*', 'Content-Type': 'application/json'}</msg>
<status status="PASS" starttime="20220718 11:15:54.303" endtime="20220718 11:15:54.303"/>
</kw>
<kw name="Create Dictionary" library="BuiltIn">
<var>${json}</var>
<arg>birthday=${p_birthday}</arg>
<arg>gender=${p_gender}</arg>
<arg>name=${p_name}</arg>
<arg>natid=${p_natid}</arg>
<arg>salary=${p_salary}</arg>
<arg>tax=${p_tax}</arg>
<doc>Creates and returns a dictionary based on the given ``items``.</doc>
<msg timestamp="20220718 11:15:54.304" level="INFO">${json} = {'birthday': '15041995', 'gender': 'M', 'name': 'David Miller', 'natid': 'David.Miller_1658117754@yahoo.com', 'salary': 18440, 'tax': 3688}</msg>
<status status="PASS" starttime="20220718 11:15:54.303" endtime="20220718 11:15:54.304"/>
</kw>
<kw name="POST On Session" library="RequestsLibrary">
<var>${response}</var>
<arg>session</arg>
<arg>${URI_CALCULATOR_INSERT}</arg>
<arg>headers=${headers}</arg>
<arg>json=${json}</arg>
<doc>Sends a POST request on a previously created HTTP Session.</doc>
<msg timestamp="20220718 11:15:54.311" level="INFO">POST Request : url=http://localhost:8080/calculator/insert 
 path_url=/calculator/insert 
 headers={'User-Agent': 'python-requests/2.28.1', 'Accept-Encoding': 'gzip, deflate', 'accept': '*/*', 'Connection': 'keep-alive', 'Content-Type': 'application/json', 'Content-Length': '139'} 
 body=b'{"birthday": "15041995", "gender": "M", "name": "David Miller", "natid": "David.Miller_1658117754@yahoo.com", "salary": 18440, "tax": 3688}' 
 </msg>
<msg timestamp="20220718 11:15:54.311" level="INFO">POST Response : url=http://localhost:8080/calculator/insert 
 status=202, reason= 
 headers={'Content-Type': 'text/plain;charset=UTF-8', 'Content-Length': '7', 'Date': 'Mon, 18 Jul 2022 04:15:54 GMT'} 
 body=Alright 
 </msg>
<msg timestamp="20220718 11:15:54.311" level="INFO">${response} = &lt;Response [202]&gt;</msg>
<status status="PASS" starttime="20220718 11:15:54.304" endtime="20220718 11:15:54.311"/>
</kw>
<msg timestamp="20220718 11:15:54.311" level="INFO">${response} = &lt;Response [202]&gt;</msg>
<status status="PASS" starttime="20220718 11:15:54.301" endtime="20220718 11:15:54.312"/>
</kw>
<kw name="Get Response Status And Body" library="CommonSteps">
<var>${actual_code}</var>
<var>${actual_content}</var>
<arg>${response}</arg>
<kw name="Set Variable" library="BuiltIn">
<var>${code}</var>
<arg>${p_response_api.status_code}</arg>
<doc>Returns the given values which can then be assigned to a variables.</doc>
<msg timestamp="20220718 11:15:54.313" level="INFO">${code} = 202</msg>
<status status="PASS" starttime="20220718 11:15:54.312" endtime="20220718 11:15:54.313"/>
</kw>
<kw name="Set Variable" library="BuiltIn">
<var>${content}</var>
<arg>${p_response_api.content}</arg>
<doc>Returns the given values which can then be assigned to a variables.</doc>
<msg timestamp="20220718 11:15:54.314" level="INFO">${content} = Alright</msg>
<status status="PASS" starttime="20220718 11:15:54.313" endtime="20220718 11:15:54.314"/>
</kw>
<msg timestamp="20220718 11:15:54.314" level="INFO">${actual_code} = 202</msg>
<msg timestamp="20220718 11:15:54.314" level="INFO">${actual_content} = Alright</msg>
<status status="PASS" starttime="20220718 11:15:54.312" endtime="20220718 11:15:54.314"/>
</kw>
<kw name="Set Variable" library="BuiltIn">
<var>${expected_status}</var>
<arg>202</arg>
<doc>Returns the given values which can then be assigned to a variables.</doc>
<msg timestamp="20220718 11:15:54.315" level="INFO">${expected_status} = 202</msg>
<status status="PASS" starttime="20220718 11:15:54.315" endtime="20220718 11:15:54.315"/>
</kw>
<kw name="Set Variable" library="BuiltIn">
<var>${expected_content}</var>
<arg>Alright</arg>
<doc>Returns the given values which can then be assigned to a variables.</doc>
<msg timestamp="20220718 11:15:54.315" level="INFO">${expected_content} = Alright</msg>
<status status="PASS" starttime="20220718 11:15:54.315" endtime="20220718 11:15:54.315"/>
</kw>
<kw name="Assert Response Status Is Correct" library="CommonSteps">
<arg>${expected_status}</arg>
<arg>${actual_code}</arg>
<kw name="Should Be True" library="BuiltIn">
<arg>'${p_expected_status}'=='${p_actual_status}'</arg>
<arg>msg=Status code return is not correct! Expected '${p_expected_status}' but Actual: '${p_actual_status}'</arg>
<doc>Fails if the given condition is not true.</doc>
<status status="PASS" starttime="20220718 11:15:54.316" endtime="20220718 11:15:54.316"/>
</kw>
<status status="PASS" starttime="20220718 11:15:54.315" endtime="20220718 11:15:54.317"/>
</kw>
<kw name="Assert Response Content Is Correct" library="CommonSteps">
<arg>${expected_content}</arg>
<arg>${actual_content}</arg>
<kw name="Should Be True" library="BuiltIn">
<arg>'${p_expected_content}'=='${p_actual_content}'</arg>
<arg>msg=Response return is not correct! Expected '${p_expected_content}' but Actual: '${p_actual_content}'</arg>
<doc>Fails if the given condition is not true.</doc>
<status status="PASS" starttime="20220718 11:15:54.317" endtime="20220718 11:15:54.318"/>
</kw>
<status status="PASS" starttime="20220718 11:15:54.317" endtime="20220718 11:15:54.318"/>
</kw>
<kw name="Make Post Request To Get Tax Relief" library="CalculatorApiSteps">
<var>${response}</var>
<doc>This keyword is used for sending a GET request to get all current tax relief</doc>
<kw name="Create Session" library="RequestsLibrary">
<arg>session</arg>
<arg>${BASE_URL}</arg>
<doc>Create Session: create a HTTP session to a server</doc>
<msg timestamp="20220718 11:15:54.319" level="INFO">Creating Session using : alias=session, url=http://localhost:8080/, headers={},                     cookies={}, auth=None, timeout=None, proxies=None, verify=False,                     debug=0 </msg>
<status status="PASS" starttime="20220718 11:15:54.319" endtime="20220718 11:15:54.319"/>
</kw>
<kw name="Create Dictionary" library="BuiltIn">
<var>${headers}</var>
<arg>accept=*/*</arg>
<arg>Content-Type=application/json</arg>
<doc>Creates and returns a dictionary based on the given ``items``.</doc>
<msg timestamp="20220718 11:15:54.320" level="INFO">${headers} = {'accept': '*/*', 'Content-Type': 'application/json'}</msg>
<status status="PASS" starttime="20220718 11:15:54.319" endtime="20220718 11:15:54.320"/>
</kw>
<kw name="GET On Session" library="RequestsLibrary">
<var>${response}</var>
<arg>session</arg>
<arg>${URI_TAX_RELIEF}</arg>
<arg>headers=${headers}</arg>
<doc>Sends a GET request on a previously created HTTP Session.</doc>
<msg timestamp="20220718 11:15:54.327" level="INFO">GET Request : url=http://localhost:8080/calculator/taxRelief 
 path_url=/calculator/taxRelief 
 headers={'User-Agent': 'python-requests/2.28.1', 'Accept-Encoding': 'gzip, deflate', 'accept': '*/*', 'Connection': 'keep-alive', 'Content-Type': 'application/json'} 
 body=None 
 </msg>
<msg timestamp="20220718 11:15:54.327" level="INFO">GET Response : url=http://localhost:8080/calculator/taxRelief 
 status=200, reason= 
 headers={'Content-Type': 'application/json;charset=UTF-8', 'Transfer-Encoding': 'chunked', 'Date': 'Mon, 18 Jul 2022 04:15:54 GMT'} 
 body=[{"natid":"Davi$$$$$$$$$$$$$$$$$$$$$$$$$$$$$","name":"David Miller","relief":"11801.61"}] 
 </msg>
<msg timestamp="20220718 11:15:54.327" level="INFO">${response} = &lt;Response [200]&gt;</msg>
<status status="PASS" starttime="20220718 11:15:54.320" endtime="20220718 11:15:54.327"/>
</kw>
<msg timestamp="20220718 11:15:54.328" level="INFO">${response} = &lt;Response [200]&gt;</msg>
<status status="PASS" starttime="20220718 11:15:54.318" endtime="20220718 11:15:54.328"/>
</kw>
<kw name="Get Response Status And Body" library="CommonSteps">
<var>${actual_code}</var>
<var>${actual_content}</var>
<arg>${response}</arg>
<kw name="Set Variable" library="BuiltIn">
<var>${code}</var>
<arg>${p_response_api.status_code}</arg>
<doc>Returns the given values which can then be assigned to a variables.</doc>
<msg timestamp="20220718 11:15:54.329" level="INFO">${code} = 200</msg>
<status status="PASS" starttime="20220718 11:15:54.328" endtime="20220718 11:15:54.329"/>
</kw>
<kw name="Set Variable" library="BuiltIn">
<var>${content}</var>
<arg>${p_response_api.content}</arg>
<doc>Returns the given values which can then be assigned to a variables.</doc>
<msg timestamp="20220718 11:15:54.330" level="INFO">${content} = [{"natid":"Davi$$$$$$$$$$$$$$$$$$$$$$$$$$$$$","name":"David Miller","relief":"11801.61"}]</msg>
<status status="PASS" starttime="20220718 11:15:54.329" endtime="20220718 11:15:54.330"/>
</kw>
<msg timestamp="20220718 11:15:54.330" level="INFO">${actual_code} = 200</msg>
<msg timestamp="20220718 11:15:54.330" level="INFO">${actual_content} = [{"natid":"Davi$$$$$$$$$$$$$$$$$$$$$$$$$$$$$","name":"David Miller","relief":"11801.61"}]</msg>
<status status="PASS" starttime="20220718 11:15:54.328" endtime="20220718 11:15:54.330"/>
</kw>
<kw name="Create Dictionary" library="BuiltIn">
<var>${person}</var>
<arg>name=${name}</arg>
<arg>natid=${natid}</arg>
<arg>birthday=${birthday}</arg>
<arg>gender=${gender}</arg>
<arg>salary=${salary}</arg>
<arg>tax=${tax}</arg>
<doc>Creates and returns a dictionary based on the given ``items``.</doc>
<msg timestamp="20220718 11:15:54.331" level="INFO">${person} = {'name': 'David Miller', 'natid': 'David.Miller_1658117754@yahoo.com', 'birthday': '15041995', 'gender': 'M', 'salary': 18440, 'tax': 3688}</msg>
<status status="PASS" starttime="20220718 11:15:54.330" endtime="20220718 11:15:54.331"/>
</kw>
<kw name="Create List" library="BuiltIn">
<var>@{list_person}</var>
<arg>${person}</arg>
<doc>Returns a list containing given items.</doc>
<msg timestamp="20220718 11:15:54.332" level="INFO">@{list_person} = [ {'name': 'David Miller', 'natid': 'David.Miller_1658117754@yahoo.com', 'birthday': '15041995', 'gender': 'M', 'salary': 18440, 'tax': 3688} ]</msg>
<status status="PASS" starttime="20220718 11:15:54.331" endtime="20220718 11:15:54.332"/>
</kw>
<kw name="Assert Insert Person To Database Successfully" library="CalculatorApiSteps">
<arg>${actual_content}</arg>
<arg>${list_person}</arg>
<doc>This keyword is used for validating if sending post request to insert 1 or multiple person successfully via checking api chekcing</doc>
<kw name="Convert String To JSON" library="JSONLibrary">
<var>${json}</var>
<arg>${p_api_response_content_tax_relief}</arg>
<doc>Convert String to JSON object</doc>
<msg timestamp="20220718 11:15:54.333" level="INFO">${json} = [{'natid': 'Davi$$$$$$$$$$$$$$$$$$$$$$$$$$$$$', 'name': 'David Miller', 'relief': '11801.61'}]</msg>
<status status="PASS" starttime="20220718 11:15:54.332" endtime="20220718 11:15:54.333"/>
</kw>
<for flavor="IN">
<var>${person}</var>
<value>@{p_list_expected_person}</value>
<iter>
<var name="${person}">{'name': 'David Miller', 'natid': 'David.Miller_1658117754@yahoo.com', 'birthday': '15041995', 'gender': 'M', 'salary': 18440, 'tax': 3688}</var>
<kw name="Set Variable" library="BuiltIn">
<var>${expected_name}</var>
<arg>${person.name}</arg>
<doc>Returns the given values which can then be assigned to a variables.</doc>
<msg timestamp="20220718 11:15:54.334" level="INFO">${expected_name} = David Miller</msg>
<status status="PASS" starttime="20220718 11:15:54.333" endtime="20220718 11:15:54.334"/>
</kw>
<kw name="Set Variable" library="BuiltIn">
<var>${expected_natid}</var>
<arg>${person.natid}</arg>
<doc>Returns the given values which can then be assigned to a variables.</doc>
<msg timestamp="20220718 11:15:54.335" level="INFO">${expected_natid} = David.Miller_1658117754@yahoo.com</msg>
<status status="PASS" starttime="20220718 11:15:54.334" endtime="20220718 11:15:54.335"/>
</kw>
<for flavor="IN">
<var>${item}</var>
<value>@{json}</value>
<iter>
<var name="${item}">{'natid': 'Davi$$$$$$$$$$$$$$$$$$$$$$$$$$$$$', 'name': 'David Miller', 'relief': '11801.61'}</var>
<kw name="Get Value From Json" library="JSONLibrary">
<var>${actual_natid}</var>
<arg>${item}</arg>
<arg>$.natid</arg>
<doc>Get Value From JSON using JSONPath</doc>
<msg timestamp="20220718 11:15:54.361" level="INFO">${actual_natid} = ['Davi$$$$$$$$$$$$$$$$$$$$$$$$$$$$$']</msg>
<status status="PASS" starttime="20220718 11:15:54.335" endtime="20220718 11:15:54.361"/>
</kw>
<kw name="Get Value From Json" library="JSONLibrary">
<var>${actual_name}</var>
<arg>${item}</arg>
<arg>$.name</arg>
<doc>Get Value From JSON using JSONPath</doc>
<msg timestamp="20220718 11:15:54.380" level="INFO">${actual_name} = ['David Miller']</msg>
<status status="PASS" starttime="20220718 11:15:54.362" endtime="20220718 11:15:54.380"/>
</kw>
<kw name="Set Variable If" library="BuiltIn">
<var>${exist}</var>
<arg>'${actual_name}[0]'=='${expected_name}' and '${expected_natid}[0:4]'=='${actual_natid[0]}[0:4]'</arg>
<arg>True</arg>
<arg>False</arg>
<doc>Sets variable based on the given condition.</doc>
<msg timestamp="20220718 11:15:54.382" level="INFO">${exist} = True</msg>
<status status="PASS" starttime="20220718 11:15:54.381" endtime="20220718 11:15:54.382"/>
</kw>
<kw name="Exit For Loop If" library="BuiltIn">
<arg>${exist}==True</arg>
<doc>Stops executing the enclosing FOR loop if the ``condition`` is true.</doc>
<msg timestamp="20220718 11:15:54.382" level="INFO">Exiting for loop altogether.</msg>
<status status="PASS" starttime="20220718 11:15:54.382" endtime="20220718 11:15:54.382"/>
</kw>
<status status="PASS" starttime="20220718 11:15:54.335" endtime="20220718 11:15:54.382"/>
</iter>
<status status="PASS" starttime="20220718 11:15:54.335" endtime="20220718 11:15:54.382"/>
</for>
<kw name="Should Be True" library="BuiltIn">
<arg>${exist}==True</arg>
<arg>msg= Can not found this person in database name: ${person.name} and natid: ${person.natid}</arg>
<doc>Fails if the given condition is not true.</doc>
<status status="PASS" starttime="20220718 11:15:54.382" endtime="20220718 11:15:54.384"/>
</kw>
<status status="PASS" starttime="20220718 11:15:54.333" endtime="20220718 11:15:54.384"/>
</iter>
<status status="PASS" starttime="20220718 11:15:54.333" endtime="20220718 11:15:54.384"/>
</for>
<status status="PASS" starttime="20220718 11:15:54.332" endtime="20220718 11:15:54.384"/>
</kw>
<doc>This test case is used for test api insert a working class hero into DB via API
Pre-condition: we will send request to clear our database first.
Step 1: we need to generate some random data like: birthday, name, gender, natid, salary and tax.
Step 2: we send request api insert 1 working hero class
Step 3: we will got response status code and response content from response of step 2
Step 4: assert the status code is 202 and content is 'Alright'
Step 5: we will send request to get tax relief, we will have a list a tax relief
Step 6: we will velidate if our data insert (on step 1: name, natid) exist on the list relief of step 5.</doc>
<tag>api</tag>
<tag>calculator</tag>
<status status="PASS" starttime="20220718 11:15:54.267" endtime="20220718 11:15:54.384"/>
</test>
<test id="s1-s1-s1-t2" name="As the Clerk, I can insert more than one working class hero into database via an API successfully" line="39">
<kw name="Make POST Request To Clear Database" library="DatabaseApiSteps" type="SETUP">
<doc>This keyword is used for sending a POST request to clear database</doc>
<kw name="Create Session" library="RequestsLibrary">
<arg>session</arg>
<arg>${BASE_URL}</arg>
<doc>Create Session: create a HTTP session to a server</doc>
<msg timestamp="20220718 11:15:54.388" level="INFO">Creating Session using : alias=session, url=http://localhost:8080/, headers={},                     cookies={}, auth=None, timeout=None, proxies=None, verify=False,                     debug=0 </msg>
<status status="PASS" starttime="20220718 11:15:54.388" endtime="20220718 11:15:54.388"/>
</kw>
<kw name="Create Dictionary" library="BuiltIn">
<var>${headers}</var>
<arg>accept=*/*</arg>
<arg>Content-Type=application/json</arg>
<doc>Creates and returns a dictionary based on the given ``items``.</doc>
<msg timestamp="20220718 11:15:54.388" level="INFO">${headers} = {'accept': '*/*', 'Content-Type': 'application/json'}</msg>
<status status="PASS" starttime="20220718 11:15:54.388" endtime="20220718 11:15:54.388"/>
</kw>
<kw name="POST On Session" library="RequestsLibrary">
<var>${response}</var>
<arg>session</arg>
<arg>${URI_RAKE_DB}</arg>
<arg>headers=${headers}</arg>
<doc>Sends a POST request on a previously created HTTP Session.</doc>
<msg timestamp="20220718 11:15:54.394" level="INFO">POST Request : url=http://localhost:8080/calculator/rakeDatabase 
 path_url=/calculator/rakeDatabase 
 headers={'User-Agent': 'python-requests/2.28.1', 'Accept-Encoding': 'gzip, deflate', 'accept': '*/*', 'Connection': 'keep-alive', 'Content-Type': 'application/json', 'Content-Length': '0'} 
 body=None 
 </msg>
<msg timestamp="20220718 11:15:54.395" level="INFO">POST Response : url=http://localhost:8080/calculator/rakeDatabase 
 status=200, reason= 
 headers={'Content-Type': 'text/plain;charset=UTF-8', 'Content-Length': '21', 'Date': 'Mon, 18 Jul 2022 04:15:54 GMT'} 
 body=Successfully raked DB 
 </msg>
<msg timestamp="20220718 11:15:54.395" level="INFO">${response} = &lt;Response [200]&gt;</msg>
<status status="PASS" starttime="20220718 11:15:54.389" endtime="20220718 11:15:54.395"/>
</kw>
<status status="PASS" starttime="20220718 11:15:54.388" endtime="20220718 11:15:54.395"/>
</kw>
<kw name="Evaluate" library="BuiltIn">
<var>${number}</var>
<arg>random.randint(2,5)</arg>
<arg>random</arg>
<doc>Evaluates the given expression in Python and returns the result.</doc>
<msg timestamp="20220718 11:15:54.395" level="INFO">${number} = 2</msg>
<status status="PASS" starttime="20220718 11:15:54.395" endtime="20220718 11:15:54.395"/>
</kw>
<kw name="Generate List Random Person" library="CommonSteps">
<var>${list_person}</var>
<arg>${number}</arg>
<kw name="Generate Random List Working Class Hero" library="hero_utils">
<var>${list_person}</var>
<arg>${p_number_of_person}</arg>
<msg timestamp="20220718 11:15:54.397" level="INFO">${list_person} = [&lt;models.hero.WorkingClassHero object at 0x103739c70&gt;, &lt;models.hero.WorkingClassHero object at 0x103739c40&gt;]</msg>
<status status="PASS" starttime="20220718 11:15:54.396" endtime="20220718 11:15:54.397"/>
</kw>
<msg timestamp="20220718 11:15:54.397" level="INFO">${list_person} = [&lt;models.hero.WorkingClassHero object at 0x103739c70&gt;, &lt;models.hero.WorkingClassHero object at 0x103739c40&gt;]</msg>
<status status="PASS" starttime="20220718 11:15:54.396" endtime="20220718 11:15:54.397"/>
</kw>
<kw name="Make POST Request To Insert Multple Person" library="CalculatorApiSteps">
<var>${response}</var>
<arg>${list_person}</arg>
<doc>This keyword is used for sending a POST request to create multiple person</doc>
<kw name="Send Post Request To Insert Multiple Working Hero" library="custom_request">
<var>${response}</var>
<arg>${BASE_URL}</arg>
<arg>${URI_CALCULATOR_INSERT_MULTIPLE}</arg>
<arg>${p_list_person}</arg>
<msg timestamp="20220718 11:15:54.409" level="INFO">&lt;class 'str'&gt;</msg>
<msg timestamp="20220718 11:15:54.409" level="INFO">${response} = &lt;Response [202]&gt;</msg>
<status status="PASS" starttime="20220718 11:15:54.398" endtime="20220718 11:15:54.409"/>
</kw>
<msg timestamp="20220718 11:15:54.409" level="INFO">${response} = &lt;Response [202]&gt;</msg>
<status status="PASS" starttime="20220718 11:15:54.397" endtime="20220718 11:15:54.409"/>
</kw>
<kw name="Get Response Status And Body" library="CommonSteps">
<var>${actual_code}</var>
<var>${actual_content}</var>
<arg>${response}</arg>
<kw name="Set Variable" library="BuiltIn">
<var>${code}</var>
<arg>${p_response_api.status_code}</arg>
<doc>Returns the given values which can then be assigned to a variables.</doc>
<msg timestamp="20220718 11:15:54.411" level="INFO">${code} = 202</msg>
<status status="PASS" starttime="20220718 11:15:54.410" endtime="20220718 11:15:54.411"/>
</kw>
<kw name="Set Variable" library="BuiltIn">
<var>${content}</var>
<arg>${p_response_api.content}</arg>
<doc>Returns the given values which can then be assigned to a variables.</doc>
<msg timestamp="20220718 11:15:54.411" level="INFO">${content} = Alright</msg>
<status status="PASS" starttime="20220718 11:15:54.411" endtime="20220718 11:15:54.411"/>
</kw>
<msg timestamp="20220718 11:15:54.412" level="INFO">${actual_code} = 202</msg>
<msg timestamp="20220718 11:15:54.412" level="INFO">${actual_content} = Alright</msg>
<status status="PASS" starttime="20220718 11:15:54.410" endtime="20220718 11:15:54.412"/>
</kw>
<kw name="Set Variable" library="BuiltIn">
<var>${expected_status}</var>
<arg>202</arg>
<doc>Returns the given values which can then be assigned to a variables.</doc>
<msg timestamp="20220718 11:15:54.412" level="INFO">${expected_status} = 202</msg>
<status status="PASS" starttime="20220718 11:15:54.412" endtime="20220718 11:15:54.412"/>
</kw>
<kw name="Set Variable" library="BuiltIn">
<var>${expected_content}</var>
<arg>Alright</arg>
<doc>Returns the given values which can then be assigned to a variables.</doc>
<msg timestamp="20220718 11:15:54.413" level="INFO">${expected_content} = Alright</msg>
<status status="PASS" starttime="20220718 11:15:54.412" endtime="20220718 11:15:54.413"/>
</kw>
<kw name="Assert Response Status Is Correct" library="CommonSteps">
<arg>${expected_status}</arg>
<arg>${actual_code}</arg>
<kw name="Should Be True" library="BuiltIn">
<arg>'${p_expected_status}'=='${p_actual_status}'</arg>
<arg>msg=Status code return is not correct! Expected '${p_expected_status}' but Actual: '${p_actual_status}'</arg>
<doc>Fails if the given condition is not true.</doc>
<status status="PASS" starttime="20220718 11:15:54.413" endtime="20220718 11:15:54.414"/>
</kw>
<status status="PASS" starttime="20220718 11:15:54.413" endtime="20220718 11:15:54.414"/>
</kw>
<kw name="Assert Response Content Is Correct" library="CommonSteps">
<arg>${expected_content}</arg>
<arg>${actual_content}</arg>
<kw name="Should Be True" library="BuiltIn">
<arg>'${p_expected_content}'=='${p_actual_content}'</arg>
<arg>msg=Response return is not correct! Expected '${p_expected_content}' but Actual: '${p_actual_content}'</arg>
<doc>Fails if the given condition is not true.</doc>
<status status="PASS" starttime="20220718 11:15:54.415" endtime="20220718 11:15:54.416"/>
</kw>
<status status="PASS" starttime="20220718 11:15:54.414" endtime="20220718 11:15:54.416"/>
</kw>
<kw name="Make Post Request To Get Tax Relief" library="CalculatorApiSteps">
<var>${response_tax_relief}</var>
<doc>This keyword is used for sending a GET request to get all current tax relief</doc>
<kw name="Create Session" library="RequestsLibrary">
<arg>session</arg>
<arg>${BASE_URL}</arg>
<doc>Create Session: create a HTTP session to a server</doc>
<msg timestamp="20220718 11:15:54.416" level="INFO">Creating Session using : alias=session, url=http://localhost:8080/, headers={},                     cookies={}, auth=None, timeout=None, proxies=None, verify=False,                     debug=0 </msg>
<status status="PASS" starttime="20220718 11:15:54.416" endtime="20220718 11:15:54.417"/>
</kw>
<kw name="Create Dictionary" library="BuiltIn">
<var>${headers}</var>
<arg>accept=*/*</arg>
<arg>Content-Type=application/json</arg>
<doc>Creates and returns a dictionary based on the given ``items``.</doc>
<msg timestamp="20220718 11:15:54.417" level="INFO">${headers} = {'accept': '*/*', 'Content-Type': 'application/json'}</msg>
<status status="PASS" starttime="20220718 11:15:54.417" endtime="20220718 11:15:54.417"/>
</kw>
<kw name="GET On Session" library="RequestsLibrary">
<var>${response}</var>
<arg>session</arg>
<arg>${URI_TAX_RELIEF}</arg>
<arg>headers=${headers}</arg>
<doc>Sends a GET request on a previously created HTTP Session.</doc>
<msg timestamp="20220718 11:15:54.425" level="INFO">GET Request : url=http://localhost:8080/calculator/taxRelief 
 path_url=/calculator/taxRelief 
 headers={'User-Agent': 'python-requests/2.28.1', 'Accept-Encoding': 'gzip, deflate', 'accept': '*/*', 'Connection': 'keep-alive', 'Content-Type': 'application/json'} 
 body=None 
 </msg>
<msg timestamp="20220718 11:15:54.425" level="INFO">GET Response : url=http://localhost:8080/calculator/taxRelief 
 status=200, reason= 
 headers={'Content-Type': 'application/json;charset=UTF-8', 'Transfer-Encoding': 'chunked', 'Date': 'Mon, 18 Jul 2022 04:15:54 GMT'} 
 body=[{"natid":"Dani$$$$$$$$$$$$$$$$$$$$$$$$$$$$$$$$$$$$$$$$$$$","name":"Daniel Villanueva","relief":"12433.74"},{"natid":"Will$$$$$$$$$$$$$$$$$$$$$$$$$$","name":"Willie Lamb","relief":"7889.92"}] 
 </msg>
<msg timestamp="20220718 11:15:54.425" level="INFO">${response} = &lt;Response [200]&gt;</msg>
<status status="PASS" starttime="20220718 11:15:54.417" endtime="20220718 11:15:54.425"/>
</kw>
<msg timestamp="20220718 11:15:54.425" level="INFO">${response_tax_relief} = &lt;Response [200]&gt;</msg>
<status status="PASS" starttime="20220718 11:15:54.416" endtime="20220718 11:15:54.425"/>
</kw>
<kw name="Get Response Status And Body" library="CommonSteps">
<var>${actual_code_tax_relief}</var>
<var>${actual_content_tax_relief}</var>
<arg>${response_tax_relief}</arg>
<kw name="Set Variable" library="BuiltIn">
<var>${code}</var>
<arg>${p_response_api.status_code}</arg>
<doc>Returns the given values which can then be assigned to a variables.</doc>
<msg timestamp="20220718 11:15:54.427" level="INFO">${code} = 200</msg>
<status status="PASS" starttime="20220718 11:15:54.426" endtime="20220718 11:15:54.427"/>
</kw>
<kw name="Set Variable" library="BuiltIn">
<var>${content}</var>
<arg>${p_response_api.content}</arg>
<doc>Returns the given values which can then be assigned to a variables.</doc>
<msg timestamp="20220718 11:15:54.427" level="INFO">${content} = [{"natid":"Dani$$$$$$$$$$$$$$$$$$$$$$$$$$$$$$$$$$$$$$$$$$$","name":"Daniel Villanueva","relief":"12433.74"},{"natid":"Will$$$$$$$$$$$$$$$$$$$$$$$$$$","name":"Willie Lamb","relief":"7889.92"}]</msg>
<status status="PASS" starttime="20220718 11:15:54.427" endtime="20220718 11:15:54.427"/>
</kw>
<msg timestamp="20220718 11:15:54.428" level="INFO">${actual_code_tax_relief} = 200</msg>
<msg timestamp="20220718 11:15:54.428" level="INFO">${actual_content_tax_relief} = [{"natid":"Dani$$$$$$$$$$$$$$$$$$$$$$$$$$$$$$$$$$$$$$$$$$$","name":"Daniel Villanueva","relief":"12433.74"},{"natid":"Will$$$$$$$$$$$$$$$$$$$$$$$$$$","name":"Willie Lamb","relief":"7889.92"}]</msg>
<status status="PASS" starttime="20220718 11:15:54.426" endtime="20220718 11:15:54.428"/>
</kw>
<kw name="Assert Insert Person To Database Successfully" library="CalculatorApiSteps">
<arg>${actual_content_tax_relief}</arg>
<arg>${list_person}</arg>
<doc>This keyword is used for validating if sending post request to insert 1 or multiple person successfully via checking api chekcing</doc>
<kw name="Convert String To JSON" library="JSONLibrary">
<var>${json}</var>
<arg>${p_api_response_content_tax_relief}</arg>
<doc>Convert String to JSON object</doc>
<msg timestamp="20220718 11:15:54.429" level="INFO">${json} = [{'natid': 'Dani$$$$$$$$$$$$$$$$$$$$$$$$$$$$$$$$$$$$$$$$$$$', 'name': 'Daniel Villanueva', 'relief': '12433.74'}, {'natid': 'Will$$$$$$$$$$$$$$$$$$$$$$$$$$', 'name': 'Willie Lamb', 'relief': '7889.92'...</msg>
<status status="PASS" starttime="20220718 11:15:54.428" endtime="20220718 11:15:54.429"/>
</kw>
<for flavor="IN">
<var>${person}</var>
<value>@{p_list_expected_person}</value>
<iter>
<var name="${person}">&lt;models.hero.WorkingClassHero object at 0x103739c70&gt;</var>
<kw name="Set Variable" library="BuiltIn">
<var>${expected_name}</var>
<arg>${person.name}</arg>
<doc>Returns the given values which can then be assigned to a variables.</doc>
<msg timestamp="20220718 11:15:54.430" level="INFO">${expected_name} = Daniel Villanueva</msg>
<status status="PASS" starttime="20220718 11:15:54.429" endtime="20220718 11:15:54.430"/>
</kw>
<kw name="Set Variable" library="BuiltIn">
<var>${expected_natid}</var>
<arg>${person.natid}</arg>
<doc>Returns the given values which can then be assigned to a variables.</doc>
<msg timestamp="20220718 11:15:54.430" level="INFO">${expected_natid} = Daniel_Villanueva1658117754@lawrence-wright.com</msg>
<status status="PASS" starttime="20220718 11:15:54.430" endtime="20220718 11:15:54.430"/>
</kw>
<for flavor="IN">
<var>${item}</var>
<value>@{json}</value>
<iter>
<var name="${item}">{'natid': 'Dani$$$$$$$$$$$$$$$$$$$$$$$$$$$$$$$$$$$$$$$$$$$', 'name': 'Daniel Villanueva', 'relief': '12433.74'}</var>
<kw name="Get Value From Json" library="JSONLibrary">
<var>${actual_natid}</var>
<arg>${item}</arg>
<arg>$.natid</arg>
<doc>Get Value From JSON using JSONPath</doc>
<msg timestamp="20220718 11:15:54.451" level="INFO">${actual_natid} = ['Dani$$$$$$$$$$$$$$$$$$$$$$$$$$$$$$$$$$$$$$$$$$$']</msg>
<status status="PASS" starttime="20220718 11:15:54.431" endtime="20220718 11:15:54.451"/>
</kw>
<kw name="Get Value From Json" library="JSONLibrary">
<var>${actual_name}</var>
<arg>${item}</arg>
<arg>$.name</arg>
<doc>Get Value From JSON using JSONPath</doc>
<msg timestamp="20220718 11:15:54.468" level="INFO">${actual_name} = ['Daniel Villanueva']</msg>
<status status="PASS" starttime="20220718 11:15:54.451" endtime="20220718 11:15:54.469"/>
</kw>
<kw name="Set Variable If" library="BuiltIn">
<var>${exist}</var>
<arg>'${actual_name}[0]'=='${expected_name}' and '${expected_natid}[0:4]'=='${actual_natid[0]}[0:4]'</arg>
<arg>True</arg>
<arg>False</arg>
<doc>Sets variable based on the given condition.</doc>
<msg timestamp="20220718 11:15:54.470" level="INFO">${exist} = True</msg>
<status status="PASS" starttime="20220718 11:15:54.469" endtime="20220718 11:15:54.470"/>
</kw>
<kw name="Exit For Loop If" library="BuiltIn">
<arg>${exist}==True</arg>
<doc>Stops executing the enclosing FOR loop if the ``condition`` is true.</doc>
<msg timestamp="20220718 11:15:54.470" level="INFO">Exiting for loop altogether.</msg>
<status status="PASS" starttime="20220718 11:15:54.470" endtime="20220718 11:15:54.470"/>
</kw>
<status status="PASS" starttime="20220718 11:15:54.431" endtime="20220718 11:15:54.470"/>
</iter>
<status status="PASS" starttime="20220718 11:15:54.430" endtime="20220718 11:15:54.470"/>
</for>
<kw name="Should Be True" library="BuiltIn">
<arg>${exist}==True</arg>
<arg>msg= Can not found this person in database name: ${person.name} and natid: ${person.natid}</arg>
<doc>Fails if the given condition is not true.</doc>
<status status="PASS" starttime="20220718 11:15:54.470" endtime="20220718 11:15:54.471"/>
</kw>
<status status="PASS" starttime="20220718 11:15:54.429" endtime="20220718 11:15:54.471"/>
</iter>
<iter>
<var name="${person}">&lt;models.hero.WorkingClassHero object at 0x103739c40&gt;</var>
<kw name="Set Variable" library="BuiltIn">
<var>${expected_name}</var>
<arg>${person.name}</arg>
<doc>Returns the given values which can then be assigned to a variables.</doc>
<msg timestamp="20220718 11:15:54.472" level="INFO">${expected_name} = Willie Lamb</msg>
<status status="PASS" starttime="20220718 11:15:54.472" endtime="20220718 11:15:54.472"/>
</kw>
<kw name="Set Variable" library="BuiltIn">
<var>${expected_natid}</var>
<arg>${person.natid}</arg>
<doc>Returns the given values which can then be assigned to a variables.</doc>
<msg timestamp="20220718 11:15:54.473" level="INFO">${expected_natid} = Willie_Lamb1658117754@bush.com</msg>
<status status="PASS" starttime="20220718 11:15:54.472" endtime="20220718 11:15:54.473"/>
</kw>
<for flavor="IN">
<var>${item}</var>
<value>@{json}</value>
<iter>
<var name="${item}">{'natid': 'Dani$$$$$$$$$$$$$$$$$$$$$$$$$$$$$$$$$$$$$$$$$$$', 'name': 'Daniel Villanueva', 'relief': '12433.74'}</var>
<kw name="Get Value From Json" library="JSONLibrary">
<var>${actual_natid}</var>
<arg>${item}</arg>
<arg>$.natid</arg>
<doc>Get Value From JSON using JSONPath</doc>
<msg timestamp="20220718 11:15:54.491" level="INFO">${actual_natid} = ['Dani$$$$$$$$$$$$$$$$$$$$$$$$$$$$$$$$$$$$$$$$$$$']</msg>
<status status="PASS" starttime="20220718 11:15:54.473" endtime="20220718 11:15:54.491"/>
</kw>
<kw name="Get Value From Json" library="JSONLibrary">
<var>${actual_name}</var>
<arg>${item}</arg>
<arg>$.name</arg>
<doc>Get Value From JSON using JSONPath</doc>
<msg timestamp="20220718 11:15:54.508" level="INFO">${actual_name} = ['Daniel Villanueva']</msg>
<status status="PASS" starttime="20220718 11:15:54.491" endtime="20220718 11:15:54.508"/>
</kw>
<kw name="Set Variable If" library="BuiltIn">
<var>${exist}</var>
<arg>'${actual_name}[0]'=='${expected_name}' and '${expected_natid}[0:4]'=='${actual_natid[0]}[0:4]'</arg>
<arg>True</arg>
<arg>False</arg>
<doc>Sets variable based on the given condition.</doc>
<msg timestamp="20220718 11:15:54.509" level="INFO">${exist} = False</msg>
<status status="PASS" starttime="20220718 11:15:54.508" endtime="20220718 11:15:54.509"/>
</kw>
<kw name="Exit For Loop If" library="BuiltIn">
<arg>${exist}==True</arg>
<doc>Stops executing the enclosing FOR loop if the ``condition`` is true.</doc>
<status status="PASS" starttime="20220718 11:15:54.509" endtime="20220718 11:15:54.509"/>
</kw>
<status status="PASS" starttime="20220718 11:15:54.473" endtime="20220718 11:15:54.509"/>
</iter>
<iter>
<var name="${item}">{'natid': 'Will$$$$$$$$$$$$$$$$$$$$$$$$$$', 'name': 'Willie Lamb', 'relief': '7889.92'}</var>
<kw name="Get Value From Json" library="JSONLibrary">
<var>${actual_natid}</var>
<arg>${item}</arg>
<arg>$.natid</arg>
<doc>Get Value From JSON using JSONPath</doc>
<msg timestamp="20220718 11:15:54.526" level="INFO">${actual_natid} = ['Will$$$$$$$$$$$$$$$$$$$$$$$$$$']</msg>
<status status="PASS" starttime="20220718 11:15:54.509" endtime="20220718 11:15:54.526"/>
</kw>
<kw name="Get Value From Json" library="JSONLibrary">
<var>${actual_name}</var>
<arg>${item}</arg>
<arg>$.name</arg>
<doc>Get Value From JSON using JSONPath</doc>
<msg timestamp="20220718 11:15:54.543" level="INFO">${actual_name} = ['Willie Lamb']</msg>
<status status="PASS" starttime="20220718 11:15:54.526" endtime="20220718 11:15:54.543"/>
</kw>
<kw name="Set Variable If" library="BuiltIn">
<var>${exist}</var>
<arg>'${actual_name}[0]'=='${expected_name}' and '${expected_natid}[0:4]'=='${actual_natid[0]}[0:4]'</arg>
<arg>True</arg>
<arg>False</arg>
<doc>Sets variable based on the given condition.</doc>
<msg timestamp="20220718 11:15:54.544" level="INFO">${exist} = True</msg>
<status status="PASS" starttime="20220718 11:15:54.544" endtime="20220718 11:15:54.544"/>
</kw>
<kw name="Exit For Loop If" library="BuiltIn">
<arg>${exist}==True</arg>
<doc>Stops executing the enclosing FOR loop if the ``condition`` is true.</doc>
<msg timestamp="20220718 11:15:54.545" level="INFO">Exiting for loop altogether.</msg>
<status status="PASS" starttime="20220718 11:15:54.544" endtime="20220718 11:15:54.545"/>
</kw>
<status status="PASS" starttime="20220718 11:15:54.509" endtime="20220718 11:15:54.545"/>
</iter>
<status status="PASS" starttime="20220718 11:15:54.473" endtime="20220718 11:15:54.545"/>
</for>
<kw name="Should Be True" library="BuiltIn">
<arg>${exist}==True</arg>
<arg>msg= Can not found this person in database name: ${person.name} and natid: ${person.natid}</arg>
<doc>Fails if the given condition is not true.</doc>
<status status="PASS" starttime="20220718 11:15:54.545" endtime="20220718 11:15:54.546"/>
</kw>
<status status="PASS" starttime="20220718 11:15:54.472" endtime="20220718 11:15:54.546"/>
</iter>
<status status="PASS" starttime="20220718 11:15:54.429" endtime="20220718 11:15:54.546"/>
</for>
<status status="PASS" starttime="20220718 11:15:54.428" endtime="20220718 11:15:54.546"/>
</kw>
<doc>This test case is used for test api insert multiple working class hero into DB via API
Pre-condition: we will send request to clear our database first.
Step 1: we need to generate list of number person we will insert.
Step 2: we send request api insert list working hero class on step 1
Step 3: we will got response status code and response content from response of step 2
Step 4: assert the status code is 202 and content is 'Alright'
Step 5: we will send request to get tax relief, we will have a list a tax relief
Step 6: we will velidate if our data insert (on step 1: name, natid) exist on the list relief of step 5.</doc>
<tag>api</tag>
<tag>calculator</tag>
<status status="PASS" starttime="20220718 11:15:54.386" endtime="20220718 11:15:54.547"/>
</test>
<test id="s1-s1-s1-t3" name="As the Bookkeeper I can query the amount of tax relief for each person in the database via API successfully" line="62">
<kw name="Make POST Request To Clear Database" library="DatabaseApiSteps" type="SETUP">
<doc>This keyword is used for sending a POST request to clear database</doc>
<kw name="Create Session" library="RequestsLibrary">
<arg>session</arg>
<arg>${BASE_URL}</arg>
<doc>Create Session: create a HTTP session to a server</doc>
<msg timestamp="20220718 11:15:54.551" level="INFO">Creating Session using : alias=session, url=http://localhost:8080/, headers={},                     cookies={}, auth=None, timeout=None, proxies=None, verify=False,                     debug=0 </msg>
<status status="PASS" starttime="20220718 11:15:54.550" endtime="20220718 11:15:54.551"/>
</kw>
<kw name="Create Dictionary" library="BuiltIn">
<var>${headers}</var>
<arg>accept=*/*</arg>
<arg>Content-Type=application/json</arg>
<doc>Creates and returns a dictionary based on the given ``items``.</doc>
<msg timestamp="20220718 11:15:54.551" level="INFO">${headers} = {'accept': '*/*', 'Content-Type': 'application/json'}</msg>
<status status="PASS" starttime="20220718 11:15:54.551" endtime="20220718 11:15:54.551"/>
</kw>
<kw name="POST On Session" library="RequestsLibrary">
<var>${response}</var>
<arg>session</arg>
<arg>${URI_RAKE_DB}</arg>
<arg>headers=${headers}</arg>
<doc>Sends a POST request on a previously created HTTP Session.</doc>
<msg timestamp="20220718 11:15:54.557" level="INFO">POST Request : url=http://localhost:8080/calculator/rakeDatabase 
 path_url=/calculator/rakeDatabase 
 headers={'User-Agent': 'python-requests/2.28.1', 'Accept-Encoding': 'gzip, deflate', 'accept': '*/*', 'Connection': 'keep-alive', 'Content-Type': 'application/json', 'Content-Length': '0'} 
 body=None 
 </msg>
<msg timestamp="20220718 11:15:54.557" level="INFO">POST Response : url=http://localhost:8080/calculator/rakeDatabase 
 status=200, reason= 
 headers={'Content-Type': 'text/plain;charset=UTF-8', 'Content-Length': '21', 'Date': 'Mon, 18 Jul 2022 04:15:54 GMT'} 
 body=Successfully raked DB 
 </msg>
<msg timestamp="20220718 11:15:54.558" level="INFO">${response} = &lt;Response [200]&gt;</msg>
<status status="PASS" starttime="20220718 11:15:54.551" endtime="20220718 11:15:54.558"/>
</kw>
<status status="PASS" starttime="20220718 11:15:54.550" endtime="20220718 11:15:54.558"/>
</kw>
<kw name="Evaluate" library="BuiltIn">
<var>${number}</var>
<arg>random.randint(2,10)</arg>
<arg>random</arg>
<doc>Evaluates the given expression in Python and returns the result.</doc>
<msg timestamp="20220718 11:15:54.558" level="INFO">${number} = 2</msg>
<status status="PASS" starttime="20220718 11:15:54.558" endtime="20220718 11:15:54.558"/>
</kw>
<kw name="Generate List Random Person" library="CommonSteps">
<var>${list_person}</var>
<arg>${number}</arg>
<kw name="Generate Random List Working Class Hero" library="hero_utils">
<var>${list_person}</var>
<arg>${p_number_of_person}</arg>
<msg timestamp="20220718 11:15:54.559" level="INFO">${list_person} = [&lt;models.hero.WorkingClassHero object at 0x1037398b0&gt;, &lt;models.hero.WorkingClassHero object at 0x103739760&gt;]</msg>
<status status="PASS" starttime="20220718 11:15:54.559" endtime="20220718 11:15:54.559"/>
</kw>
<msg timestamp="20220718 11:15:54.560" level="INFO">${list_person} = [&lt;models.hero.WorkingClassHero object at 0x1037398b0&gt;, &lt;models.hero.WorkingClassHero object at 0x103739760&gt;]</msg>
<status status="PASS" starttime="20220718 11:15:54.558" endtime="20220718 11:15:54.560"/>
</kw>
<kw name="Make POST Request To Insert Multple Person" library="CalculatorApiSteps">
<var>${response}</var>
<arg>${list_person}</arg>
<doc>This keyword is used for sending a POST request to create multiple person</doc>
<kw name="Send Post Request To Insert Multiple Working Hero" library="custom_request">
<var>${response}</var>
<arg>${BASE_URL}</arg>
<arg>${URI_CALCULATOR_INSERT_MULTIPLE}</arg>
<arg>${p_list_person}</arg>
<msg timestamp="20220718 11:15:54.566" level="INFO">&lt;class 'str'&gt;</msg>
<msg timestamp="20220718 11:15:54.566" level="INFO">${response} = &lt;Response [202]&gt;</msg>
<status status="PASS" starttime="20220718 11:15:54.560" endtime="20220718 11:15:54.566"/>
</kw>
<msg timestamp="20220718 11:15:54.567" level="INFO">${response} = &lt;Response [202]&gt;</msg>
<status status="PASS" starttime="20220718 11:15:54.560" endtime="20220718 11:15:54.567"/>
</kw>
<kw name="Get Response Status And Body" library="CommonSteps">
<var>${actual_code}</var>
<var>${actual_content}</var>
<arg>${response}</arg>
<kw name="Set Variable" library="BuiltIn">
<var>${code}</var>
<arg>${p_response_api.status_code}</arg>
<doc>Returns the given values which can then be assigned to a variables.</doc>
<msg timestamp="20220718 11:15:54.568" level="INFO">${code} = 202</msg>
<status status="PASS" starttime="20220718 11:15:54.567" endtime="20220718 11:15:54.568"/>
</kw>
<kw name="Set Variable" library="BuiltIn">
<var>${content}</var>
<arg>${p_response_api.content}</arg>
<doc>Returns the given values which can then be assigned to a variables.</doc>
<msg timestamp="20220718 11:15:54.568" level="INFO">${content} = Alright</msg>
<status status="PASS" starttime="20220718 11:15:54.568" endtime="20220718 11:15:54.569"/>
</kw>
<msg timestamp="20220718 11:15:54.569" level="INFO">${actual_code} = 202</msg>
<msg timestamp="20220718 11:15:54.569" level="INFO">${actual_content} = Alright</msg>
<status status="PASS" starttime="20220718 11:15:54.567" endtime="20220718 11:15:54.569"/>
</kw>
<kw name="Assert Response Status Is Correct" library="CommonSteps">
<arg>202</arg>
<arg>${actual_code}</arg>
<kw name="Should Be True" library="BuiltIn">
<arg>'${p_expected_status}'=='${p_actual_status}'</arg>
<arg>msg=Status code return is not correct! Expected '${p_expected_status}' but Actual: '${p_actual_status}'</arg>
<doc>Fails if the given condition is not true.</doc>
<status status="PASS" starttime="20220718 11:15:54.569" endtime="20220718 11:15:54.570"/>
</kw>
<status status="PASS" starttime="20220718 11:15:54.569" endtime="20220718 11:15:54.570"/>
</kw>
<kw name="Assert Response Content Is Correct" library="CommonSteps">
<arg>Alright</arg>
<arg>${actual_content}</arg>
<kw name="Should Be True" library="BuiltIn">
<arg>'${p_expected_content}'=='${p_actual_content}'</arg>
<arg>msg=Response return is not correct! Expected '${p_expected_content}' but Actual: '${p_actual_content}'</arg>
<doc>Fails if the given condition is not true.</doc>
<status status="PASS" starttime="20220718 11:15:54.571" endtime="20220718 11:15:54.571"/>
</kw>
<status status="PASS" starttime="20220718 11:15:54.570" endtime="20220718 11:15:54.571"/>
</kw>
<kw name="Make Post Request To Get Tax Relief" library="CalculatorApiSteps">
<var>${response}</var>
<doc>This keyword is used for sending a GET request to get all current tax relief</doc>
<kw name="Create Session" library="RequestsLibrary">
<arg>session</arg>
<arg>${BASE_URL}</arg>
<doc>Create Session: create a HTTP session to a server</doc>
<msg timestamp="20220718 11:15:54.572" level="INFO">Creating Session using : alias=session, url=http://localhost:8080/, headers={},                     cookies={}, auth=None, timeout=None, proxies=None, verify=False,                     debug=0 </msg>
<status status="PASS" starttime="20220718 11:15:54.572" endtime="20220718 11:15:54.572"/>
</kw>
<kw name="Create Dictionary" library="BuiltIn">
<var>${headers}</var>
<arg>accept=*/*</arg>
<arg>Content-Type=application/json</arg>
<doc>Creates and returns a dictionary based on the given ``items``.</doc>
<msg timestamp="20220718 11:15:54.573" level="INFO">${headers} = {'accept': '*/*', 'Content-Type': 'application/json'}</msg>
<status status="PASS" starttime="20220718 11:15:54.572" endtime="20220718 11:15:54.573"/>
</kw>
<kw name="GET On Session" library="RequestsLibrary">
<var>${response}</var>
<arg>session</arg>
<arg>${URI_TAX_RELIEF}</arg>
<arg>headers=${headers}</arg>
<doc>Sends a GET request on a previously created HTTP Session.</doc>
<msg timestamp="20220718 11:15:54.580" level="INFO">GET Request : url=http://localhost:8080/calculator/taxRelief 
 path_url=/calculator/taxRelief 
 headers={'User-Agent': 'python-requests/2.28.1', 'Accept-Encoding': 'gzip, deflate', 'accept': '*/*', 'Connection': 'keep-alive', 'Content-Type': 'application/json'} 
 body=None 
 </msg>
<msg timestamp="20220718 11:15:54.580" level="INFO">GET Response : url=http://localhost:8080/calculator/taxRelief 
 status=200, reason= 
 headers={'Content-Type': 'application/json;charset=UTF-8', 'Transfer-Encoding': 'chunked', 'Date': 'Mon, 18 Jul 2022 04:15:54 GMT'} 
 body=[{"natid":"Jami$$$$$$$$$$$$$$$$$$$$$$$$$$$$$$$$$$$$$$","name":"Jamie Nguyen","relief":"5971.00"},{"natid":"Mich$$$$$$$$$$$$$$$$$$$$$$$$$$$$$$$$$","name":"Michael Washington","relief":"8296.00"}] 
 </msg>
<msg timestamp="20220718 11:15:54.580" level="INFO">${response} = &lt;Response [200]&gt;</msg>
<status status="PASS" starttime="20220718 11:15:54.573" endtime="20220718 11:15:54.580"/>
</kw>
<msg timestamp="20220718 11:15:54.581" level="INFO">${response} = &lt;Response [200]&gt;</msg>
<status status="PASS" starttime="20220718 11:15:54.571" endtime="20220718 11:15:54.581"/>
</kw>
<kw name="Get Response Status And Body" library="CommonSteps">
<var>${code}</var>
<var>${actual_content}</var>
<arg>${response}</arg>
<kw name="Set Variable" library="BuiltIn">
<var>${code}</var>
<arg>${p_response_api.status_code}</arg>
<doc>Returns the given values which can then be assigned to a variables.</doc>
<msg timestamp="20220718 11:15:54.582" level="INFO">${code} = 200</msg>
<status status="PASS" starttime="20220718 11:15:54.581" endtime="20220718 11:15:54.582"/>
</kw>
<kw name="Set Variable" library="BuiltIn">
<var>${content}</var>
<arg>${p_response_api.content}</arg>
<doc>Returns the given values which can then be assigned to a variables.</doc>
<msg timestamp="20220718 11:15:54.582" level="INFO">${content} = [{"natid":"Jami$$$$$$$$$$$$$$$$$$$$$$$$$$$$$$$$$$$$$$","name":"Jamie Nguyen","relief":"5971.00"},{"natid":"Mich$$$$$$$$$$$$$$$$$$$$$$$$$$$$$$$$$","name":"Michael Washington","relief":"8296.00"}]</msg>
<status status="PASS" starttime="20220718 11:15:54.582" endtime="20220718 11:15:54.583"/>
</kw>
<msg timestamp="20220718 11:15:54.583" level="INFO">${code} = 200</msg>
<msg timestamp="20220718 11:15:54.583" level="INFO">${actual_content} = [{"natid":"Jami$$$$$$$$$$$$$$$$$$$$$$$$$$$$$$$$$$$$$$","name":"Jamie Nguyen","relief":"5971.00"},{"natid":"Mich$$$$$$$$$$$$$$$$$$$$$$$$$$$$$$$$$","name":"Michael Washington","relief":"8296.00"}]</msg>
<status status="PASS" starttime="20220718 11:15:54.581" endtime="20220718 11:15:54.583"/>
</kw>
<kw name="Assert Response Status Is Correct" library="CommonSteps">
<arg>202</arg>
<arg>${actual_code}</arg>
<kw name="Should Be True" library="BuiltIn">
<arg>'${p_expected_status}'=='${p_actual_status}'</arg>
<arg>msg=Status code return is not correct! Expected '${p_expected_status}' but Actual: '${p_actual_status}'</arg>
<doc>Fails if the given condition is not true.</doc>
<status status="PASS" starttime="20220718 11:15:54.583" endtime="20220718 11:15:54.584"/>
</kw>
<status status="PASS" starttime="20220718 11:15:54.583" endtime="20220718 11:15:54.584"/>
</kw>
<kw name="Assert Tax Relief Amount Computation Is Correct" library="CalculatorApiSteps">
<arg>${actual_content}</arg>
<arg>${list_person}</arg>
<kw name="Convert String To JSON" library="JSONLibrary">
<var>${json}</var>
<arg>${p_response_content_relief}</arg>
<doc>Convert String to JSON object</doc>
<msg timestamp="20220718 11:15:54.585" level="INFO">${json} = [{'natid': 'Jami$$$$$$$$$$$$$$$$$$$$$$$$$$$$$$$$$$$$$$', 'name': 'Jamie Nguyen', 'relief': '5971.00'}, {'natid': 'Mich$$$$$$$$$$$$$$$$$$$$$$$$$$$$$$$$$', 'name': 'Michael Washington', 'relief': '8296....</msg>
<status status="PASS" starttime="20220718 11:15:54.585" endtime="20220718 11:15:54.585"/>
</kw>
<for flavor="IN">
<var>${person}</var>
<value>@{p_list_person}</value>
<iter>
<var name="${person}">&lt;models.hero.WorkingClassHero object at 0x1037398b0&gt;</var>
<kw name="Set Variable" library="BuiltIn">
<var>${birthday}</var>
<arg>${person.birthday}</arg>
<doc>Returns the given values which can then be assigned to a variables.</doc>
<msg timestamp="20220718 11:15:54.586" level="INFO">${birthday} = 23101985</msg>
<status status="PASS" starttime="20220718 11:15:54.585" endtime="20220718 11:15:54.586"/>
</kw>
<kw name="Set Variable" library="BuiltIn">
<var>${salary}</var>
<arg>${person.salary}</arg>
<doc>Returns the given values which can then be assigned to a variables.</doc>
<msg timestamp="20220718 11:15:54.587" level="INFO">${salary} = 14928</msg>
<status status="PASS" starttime="20220718 11:15:54.586" endtime="20220718 11:15:54.587"/>
</kw>
<kw name="Set Variable" library="BuiltIn">
<var>${tax_pay}</var>
<arg>${person.tax}</arg>
<doc>Returns the given values which can then be assigned to a variables.</doc>
<msg timestamp="20220718 11:15:54.587" level="INFO">${tax_pay} = 2985</msg>
<status status="PASS" starttime="20220718 11:15:54.587" endtime="20220718 11:15:54.587"/>
</kw>
<kw name="Set Variable" library="BuiltIn">
<var>${gender}</var>
<arg>${person.gender}</arg>
<doc>Returns the given values which can then be assigned to a variables.</doc>
<msg timestamp="20220718 11:15:54.588" level="INFO">${gender} = M</msg>
<status status="PASS" starttime="20220718 11:15:54.588" endtime="20220718 11:15:54.588"/>
</kw>
<kw name="Set Variable" library="BuiltIn">
<var>${natid}</var>
<arg>${person.natid}</arg>
<doc>Returns the given values which can then be assigned to a variables.</doc>
<msg timestamp="20220718 11:15:54.589" level="INFO">${natid} = Jamie_Nguyen1658117754@morgan-thompson.com</msg>
<status status="PASS" starttime="20220718 11:15:54.588" endtime="20220718 11:15:54.589"/>
</kw>
<kw name="Reformat Natid Field With Dolar" library="hero_utils">
<var>${expected_natid}</var>
<arg>${natid}</arg>
<doc>This function is used for reformat the natid, natid will be keep the same 4 first chars, the rest of chars will be set to $.
Example your natid = "john.riel@gmail.com" then after reformat it will be "john$$$$$$$$$$$$$$$"</doc>
<msg timestamp="20220718 11:15:54.589" level="INFO">${expected_natid} = Jami$$$$$$$$$$$$$$$$$$$$$$$$$$$$$$$$$$$$$$</msg>
<status status="PASS" starttime="20220718 11:15:54.589" endtime="20220718 11:15:54.589"/>
</kw>
<kw name="Set Variable" library="BuiltIn">
<var>${expected_name}</var>
<arg>${person.name}</arg>
<doc>Returns the given values which can then be assigned to a variables.</doc>
<msg timestamp="20220718 11:15:54.590" level="INFO">${expected_name} = Jamie Nguyen</msg>
<status status="PASS" starttime="20220718 11:15:54.589" endtime="20220718 11:15:54.590"/>
</kw>
<kw name="Calculate Tax Relief" library="CalculatorApiSteps">
<var>${expected_tax_relief}</var>
<arg>${birthday}</arg>
<arg>${salary}</arg>
<arg>${tax_pay}</arg>
<arg>${gender}</arg>
<kw name="Calculate Age Of Person Base On BirthDay" library="CalculatorApiSteps">
<var>${age}</var>
<arg>${p_bithday}</arg>
<kw name="Set Variable" library="BuiltIn">
<var>${year}</var>
<arg>${p_birthday}[4:8]</arg>
<doc>Returns the given values which can then be assigned to a variables.</doc>
<msg timestamp="20220718 11:15:54.591" level="INFO">${year} = 1985</msg>
<status status="PASS" starttime="20220718 11:15:54.591" endtime="20220718 11:15:54.591"/>
</kw>
<kw name="Set Variable" library="BuiltIn">
<var>${month}</var>
<arg>${p_birthday}[2:4]</arg>
<doc>Returns the given values which can then be assigned to a variables.</doc>
<msg timestamp="20220718 11:15:54.592" level="INFO">${month} = 10</msg>
<status status="PASS" starttime="20220718 11:15:54.591" endtime="20220718 11:15:54.592"/>
</kw>
<kw name="Set Variable" library="BuiltIn">
<var>${day}</var>
<arg>${p_birthday}[0:2]</arg>
<doc>Returns the given values which can then be assigned to a variables.</doc>
<msg timestamp="20220718 11:15:54.592" level="INFO">${day} = 23</msg>
<status status="PASS" starttime="20220718 11:15:54.592" endtime="20220718 11:15:54.592"/>
</kw>
<kw name="Get Age Base On Bithday" library="hero_utils">
<var>${age}</var>
<arg>${day}</arg>
<arg>${month}</arg>
<arg>${year}</arg>
<doc>This function will calculate your age.
:param day: day of your birthday
:param month: month of your birthday
:param year: year of your birthday
:return: your age.</doc>
<msg timestamp="20220718 11:15:54.593" level="INFO">${age} = 36</msg>
<status status="PASS" starttime="20220718 11:15:54.592" endtime="20220718 11:15:54.593"/>
</kw>
<msg timestamp="20220718 11:15:54.593" level="INFO">${age} = 36</msg>
<status status="PASS" starttime="20220718 11:15:54.591" endtime="20220718 11:15:54.593"/>
</kw>
<kw name="Calculate Variable" library="CalculatorApiSteps">
<var>${variable}</var>
<arg>${age}</arg>
<if>
<branch type="IF" condition="${p_age} &lt;= 18">
<kw name="Set Variable" library="BuiltIn">
<var>${variable}</var>
<arg>1</arg>
<doc>Returns the given values which can then be assigned to a variables.</doc>
<status status="NOT RUN" starttime="20220718 11:15:54.593" endtime="20220718 11:15:54.593"/>
</kw>
<status status="NOT RUN" starttime="20220718 11:15:54.593" endtime="20220718 11:15:54.593"/>
</branch>
<branch type="ELSE IF" condition="${p_age} &gt; 18 and ${p_age} &lt;= 35">
<kw name="Set Variable" library="BuiltIn">
<var>${variable}</var>
<arg>0.8</arg>
<doc>Returns the given values which can then be assigned to a variables.</doc>
<status status="NOT RUN" starttime="20220718 11:15:54.594" endtime="20220718 11:15:54.594"/>
</kw>
<status status="NOT RUN" starttime="20220718 11:15:54.594" endtime="20220718 11:15:54.594"/>
</branch>
<branch type="ELSE IF" condition="${p_age} &gt; 35 and ${p_age} &lt;= 50">
<kw name="Set Variable" library="BuiltIn">
<var>${variable}</var>
<arg>0.5</arg>
<doc>Returns the given values which can then be assigned to a variables.</doc>
<msg timestamp="20220718 11:15:54.594" level="INFO">${variable} = 0.5</msg>
<status status="PASS" starttime="20220718 11:15:54.594" endtime="20220718 11:15:54.594"/>
</kw>
<status status="PASS" starttime="20220718 11:15:54.594" endtime="20220718 11:15:54.594"/>
</branch>
<branch type="ELSE IF" condition="${p_age} &gt; 50 and ${p_age} &lt;= 75">
<kw name="Set Variable" library="BuiltIn">
<var>${variable}</var>
<arg>0.367</arg>
<doc>Returns the given values which can then be assigned to a variables.</doc>
<status status="NOT RUN" starttime="20220718 11:15:54.594" endtime="20220718 11:15:54.595"/>
</kw>
<status status="NOT RUN" starttime="20220718 11:15:54.594" endtime="20220718 11:15:54.595"/>
</branch>
<branch type="ELSE">
<kw name="Set Variable" library="BuiltIn">
<var>${variable}</var>
<arg>0.05</arg>
<doc>Returns the given values which can then be assigned to a variables.</doc>
<status status="NOT RUN" starttime="20220718 11:15:54.595" endtime="20220718 11:15:54.595"/>
</kw>
<status status="NOT RUN" starttime="20220718 11:15:54.595" endtime="20220718 11:15:54.595"/>
</branch>
<status status="PASS" starttime="20220718 11:15:54.593" endtime="20220718 11:15:54.595"/>
</if>
<msg timestamp="20220718 11:15:54.595" level="INFO">${variable} = 0.5</msg>
<status status="PASS" starttime="20220718 11:15:54.593" endtime="20220718 11:15:54.595"/>
</kw>
<kw name="Calculate Gender Bonus" library="CalculatorApiSteps">
<var>${gender_bonus}</var>
<arg>${p_gender}</arg>
<kw name="Set Variable If" library="BuiltIn">
<var>${gender_bonus}</var>
<arg>'${p_gender}'=='F'</arg>
<arg>500</arg>
<arg>0</arg>
<doc>Sets variable based on the given condition.</doc>
<msg timestamp="20220718 11:15:54.596" level="INFO">${gender_bonus} = 0</msg>
<status status="PASS" starttime="20220718 11:15:54.596" endtime="20220718 11:15:54.596"/>
</kw>
<msg timestamp="20220718 11:15:54.596" level="INFO">${gender_bonus} = 0</msg>
<status status="PASS" starttime="20220718 11:15:54.595" endtime="20220718 11:15:54.596"/>
</kw>
<kw name="Calculate Tax Relief Base On Salary Tax Variable Gender Bonus" library="hero_utils">
<var>${tax_relief}</var>
<arg>${p_salary}</arg>
<arg>${p_tax_paid}</arg>
<arg>${variable}</arg>
<arg>${gender_bonus}</arg>
<doc>This function is used for calculate tax relief amount
:param salary: of working class hero
:param tax_paid: of working class hero
:param variable: check function variable
:param gender_bonus: addition bonus base on gender
:return: tax relief amount</doc>
<msg timestamp="20220718 11:15:54.597" level="INFO">${tax_relief} = 5971.50</msg>
<status status="PASS" starttime="20220718 11:15:54.596" endtime="20220718 11:15:54.597"/>
</kw>
<msg timestamp="20220718 11:15:54.597" level="INFO">${expected_tax_relief} = 5971.50</msg>
<status status="PASS" starttime="20220718 11:15:54.590" endtime="20220718 11:15:54.597"/>
</kw>
<for flavor="IN">
<var>${item}</var>
<value>@{json}</value>
<iter>
<var name="${item}">{'natid': 'Jami$$$$$$$$$$$$$$$$$$$$$$$$$$$$$$$$$$$$$$', 'name': 'Jamie Nguyen', 'relief': '5971.00'}</var>
<kw name="Get Value From Json" library="JSONLibrary">
<var>${actual_natid}</var>
<arg>${item}</arg>
<arg>$.natid</arg>
<doc>Get Value From JSON using JSONPath</doc>
<msg timestamp="20220718 11:15:54.617" level="INFO">${actual_natid} = ['Jami$$$$$$$$$$$$$$$$$$$$$$$$$$$$$$$$$$$$$$']</msg>
<status status="PASS" starttime="20220718 11:15:54.597" endtime="20220718 11:15:54.617"/>
</kw>
<kw name="Get Value From Json" library="JSONLibrary">
<var>${actual_name}</var>
<arg>${item}</arg>
<arg>$.name</arg>
<doc>Get Value From JSON using JSONPath</doc>
<msg timestamp="20220718 11:15:54.634" level="INFO">${actual_name} = ['Jamie Nguyen']</msg>
<status status="PASS" starttime="20220718 11:15:54.618" endtime="20220718 11:15:54.634"/>
</kw>
<kw name="Get Value From Json" library="JSONLibrary">
<var>${actual_relief}</var>
<arg>${item}</arg>
<arg>$.relief</arg>
<doc>Get Value From JSON using JSONPath</doc>
<msg timestamp="20220718 11:15:54.652" level="INFO">${actual_relief} = ['5971.00']</msg>
<status status="PASS" starttime="20220718 11:15:54.635" endtime="20220718 11:15:54.652"/>
</kw>
<kw name="Set Variable If" library="BuiltIn">
<var>${exist}</var>
<arg>'${actual_name}[0]'=='${expected_name}' and '${expected_natid}'=='${actual_natid[0]}' and '${expected_tax_relief[:-3]}'=='${actual_relief}[0][:-3]'</arg>
<arg>True</arg>
<arg>False</arg>
<doc>Sets variable based on the given condition.</doc>
<msg timestamp="20220718 11:15:54.656" level="INFO">${exist} = True</msg>
<status status="PASS" starttime="20220718 11:15:54.652" endtime="20220718 11:15:54.656"/>
</kw>
<kw name="Exit For Loop If" library="BuiltIn">
<arg>${exist}==True</arg>
<doc>Stops executing the enclosing FOR loop if the ``condition`` is true.</doc>
<msg timestamp="20220718 11:15:54.656" level="INFO">Exiting for loop altogether.</msg>
<status status="PASS" starttime="20220718 11:15:54.656" endtime="20220718 11:15:54.656"/>
</kw>
<status status="PASS" starttime="20220718 11:15:54.597" endtime="20220718 11:15:54.656"/>
</iter>
<status status="PASS" starttime="20220718 11:15:54.597" endtime="20220718 11:15:54.656"/>
</for>
<kw name="Should Be True" library="BuiltIn">
<arg>${exist}==True</arg>
<doc>Fails if the given condition is not true.</doc>
<status status="PASS" starttime="20220718 11:15:54.657" endtime="20220718 11:15:54.657"/>
</kw>
<status status="PASS" starttime="20220718 11:15:54.585" endtime="20220718 11:15:54.657"/>
</iter>
<iter>
<var name="${person}">&lt;models.hero.WorkingClassHero object at 0x103739760&gt;</var>
<kw name="Set Variable" library="BuiltIn">
<var>${birthday}</var>
<arg>${person.birthday}</arg>
<doc>Returns the given values which can then be assigned to a variables.</doc>
<msg timestamp="20220718 11:15:54.658" level="INFO">${birthday} = 24051974</msg>
<status status="PASS" starttime="20220718 11:15:54.657" endtime="20220718 11:15:54.658"/>
</kw>
<kw name="Set Variable" library="BuiltIn">
<var>${salary}</var>
<arg>${person.salary}</arg>
<doc>Returns the given values which can then be assigned to a variables.</doc>
<msg timestamp="20220718 11:15:54.658" level="INFO">${salary} = 23704</msg>
<status status="PASS" starttime="20220718 11:15:54.658" endtime="20220718 11:15:54.658"/>
</kw>
<kw name="Set Variable" library="BuiltIn">
<var>${tax_pay}</var>
<arg>${person.tax}</arg>
<doc>Returns the given values which can then be assigned to a variables.</doc>
<msg timestamp="20220718 11:15:54.659" level="INFO">${tax_pay} = 7111</msg>
<status status="PASS" starttime="20220718 11:15:54.659" endtime="20220718 11:15:54.659"/>
</kw>
<kw name="Set Variable" library="BuiltIn">
<var>${gender}</var>
<arg>${person.gender}</arg>
<doc>Returns the given values which can then be assigned to a variables.</doc>
<msg timestamp="20220718 11:15:54.660" level="INFO">${gender} = M</msg>
<status status="PASS" starttime="20220718 11:15:54.659" endtime="20220718 11:15:54.660"/>
</kw>
<kw name="Set Variable" library="BuiltIn">
<var>${natid}</var>
<arg>${person.natid}</arg>
<doc>Returns the given values which can then be assigned to a variables.</doc>
<msg timestamp="20220718 11:15:54.661" level="INFO">${natid} = Michael_Washington1658117754@hill.com</msg>
<status status="PASS" starttime="20220718 11:15:54.660" endtime="20220718 11:15:54.661"/>
</kw>
<kw name="Reformat Natid Field With Dolar" library="hero_utils">
<var>${expected_natid}</var>
<arg>${natid}</arg>
<doc>This function is used for reformat the natid, natid will be keep the same 4 first chars, the rest of chars will be set to $.
Example your natid = "john.riel@gmail.com" then after reformat it will be "john$$$$$$$$$$$$$$$"</doc>
<msg timestamp="20220718 11:15:54.661" level="INFO">${expected_natid} = Mich$$$$$$$$$$$$$$$$$$$$$$$$$$$$$$$$$</msg>
<status status="PASS" starttime="20220718 11:15:54.661" endtime="20220718 11:15:54.661"/>
</kw>
<kw name="Set Variable" library="BuiltIn">
<var>${expected_name}</var>
<arg>${person.name}</arg>
<doc>Returns the given values which can then be assigned to a variables.</doc>
<msg timestamp="20220718 11:15:54.662" level="INFO">${expected_name} = Michael Washington</msg>
<status status="PASS" starttime="20220718 11:15:54.661" endtime="20220718 11:15:54.662"/>
</kw>
<kw name="Calculate Tax Relief" library="CalculatorApiSteps">
<var>${expected_tax_relief}</var>
<arg>${birthday}</arg>
<arg>${salary}</arg>
<arg>${tax_pay}</arg>
<arg>${gender}</arg>
<kw name="Calculate Age Of Person Base On BirthDay" library="CalculatorApiSteps">
<var>${age}</var>
<arg>${p_bithday}</arg>
<kw name="Set Variable" library="BuiltIn">
<var>${year}</var>
<arg>${p_birthday}[4:8]</arg>
<doc>Returns the given values which can then be assigned to a variables.</doc>
<msg timestamp="20220718 11:15:54.663" level="INFO">${year} = 1974</msg>
<status status="PASS" starttime="20220718 11:15:54.663" endtime="20220718 11:15:54.663"/>
</kw>
<kw name="Set Variable" library="BuiltIn">
<var>${month}</var>
<arg>${p_birthday}[2:4]</arg>
<doc>Returns the given values which can then be assigned to a variables.</doc>
<msg timestamp="20220718 11:15:54.663" level="INFO">${month} = 05</msg>
<status status="PASS" starttime="20220718 11:15:54.663" endtime="20220718 11:15:54.663"/>
</kw>
<kw name="Set Variable" library="BuiltIn">
<var>${day}</var>
<arg>${p_birthday}[0:2]</arg>
<doc>Returns the given values which can then be assigned to a variables.</doc>
<msg timestamp="20220718 11:15:54.663" level="INFO">${day} = 24</msg>
<status status="PASS" starttime="20220718 11:15:54.663" endtime="20220718 11:15:54.663"/>
</kw>
<kw name="Get Age Base On Bithday" library="hero_utils">
<var>${age}</var>
<arg>${day}</arg>
<arg>${month}</arg>
<arg>${year}</arg>
<doc>This function will calculate your age.
:param day: day of your birthday
:param month: month of your birthday
:param year: year of your birthday
:return: your age.</doc>
<msg timestamp="20220718 11:15:54.664" level="INFO">${age} = 48</msg>
<status status="PASS" starttime="20220718 11:15:54.664" endtime="20220718 11:15:54.664"/>
</kw>
<msg timestamp="20220718 11:15:54.664" level="INFO">${age} = 48</msg>
<status status="PASS" starttime="20220718 11:15:54.662" endtime="20220718 11:15:54.664"/>
</kw>
<kw name="Calculate Variable" library="CalculatorApiSteps">
<var>${variable}</var>
<arg>${age}</arg>
<if>
<branch type="IF" condition="${p_age} &lt;= 18">
<kw name="Set Variable" library="BuiltIn">
<var>${variable}</var>
<arg>1</arg>
<doc>Returns the given values which can then be assigned to a variables.</doc>
<status status="NOT RUN" starttime="20220718 11:15:54.664" endtime="20220718 11:15:54.665"/>
</kw>
<status status="NOT RUN" starttime="20220718 11:15:54.664" endtime="20220718 11:15:54.665"/>
</branch>
<branch type="ELSE IF" condition="${p_age} &gt; 18 and ${p_age} &lt;= 35">
<kw name="Set Variable" library="BuiltIn">
<var>${variable}</var>
<arg>0.8</arg>
<doc>Returns the given values which can then be assigned to a variables.</doc>
<status status="NOT RUN" starttime="20220718 11:15:54.665" endtime="20220718 11:15:54.665"/>
</kw>
<status status="NOT RUN" starttime="20220718 11:15:54.665" endtime="20220718 11:15:54.665"/>
</branch>
<branch type="ELSE IF" condition="${p_age} &gt; 35 and ${p_age} &lt;= 50">
<kw name="Set Variable" library="BuiltIn">
<var>${variable}</var>
<arg>0.5</arg>
<doc>Returns the given values which can then be assigned to a variables.</doc>
<msg timestamp="20220718 11:15:54.665" level="INFO">${variable} = 0.5</msg>
<status status="PASS" starttime="20220718 11:15:54.665" endtime="20220718 11:15:54.665"/>
</kw>
<status status="PASS" starttime="20220718 11:15:54.665" endtime="20220718 11:15:54.665"/>
</branch>
<branch type="ELSE IF" condition="${p_age} &gt; 50 and ${p_age} &lt;= 75">
<kw name="Set Variable" library="BuiltIn">
<var>${variable}</var>
<arg>0.367</arg>
<doc>Returns the given values which can then be assigned to a variables.</doc>
<status status="NOT RUN" starttime="20220718 11:15:54.665" endtime="20220718 11:15:54.665"/>
</kw>
<status status="NOT RUN" starttime="20220718 11:15:54.665" endtime="20220718 11:15:54.665"/>
</branch>
<branch type="ELSE">
<kw name="Set Variable" library="BuiltIn">
<var>${variable}</var>
<arg>0.05</arg>
<doc>Returns the given values which can then be assigned to a variables.</doc>
[...]
<status status="PASS" starttime="20220718 11:16:27.697" endtime="20220718 11:16:27.703"/>
</kw>
<kw name="Make POST Request To Insert Multple Person" library="CalculatorApiSteps">
<var>${response}</var>
<arg>${list_person}</arg>
<doc>This keyword is used for sending a POST request to create multiple person</doc>
<kw name="Send Post Request To Insert Multiple Working Hero" library="custom_request">
<var>${response}</var>
<arg>${BASE_URL}</arg>
<arg>${URI_CALCULATOR_INSERT_MULTIPLE}</arg>
<arg>${p_list_person}</arg>
<msg timestamp="20220718 11:16:27.717" level="INFO">&lt;class 'str'&gt;</msg>
<msg timestamp="20220718 11:16:27.717" level="INFO">${response} = &lt;Response [202]&gt;</msg>
<status status="PASS" starttime="20220718 11:16:27.704" endtime="20220718 11:16:27.717"/>
</kw>
<msg timestamp="20220718 11:16:27.718" level="INFO">${response} = &lt;Response [202]&gt;</msg>
<status status="PASS" starttime="20220718 11:16:27.703" endtime="20220718 11:16:27.718"/>
</kw>
<kw name="Get Response Status And Body" library="CommonSteps">
<var>${actual_code}</var>
<var>${actual_content}</var>
<arg>${response}</arg>
<kw name="Set Variable" library="BuiltIn">
<var>${code}</var>
<arg>${p_response_api.status_code}</arg>
<doc>Returns the given values which can then be assigned to a variables.</doc>
<msg timestamp="20220718 11:16:27.719" level="INFO">${code} = 202</msg>
<status status="PASS" starttime="20220718 11:16:27.718" endtime="20220718 11:16:27.719"/>
</kw>
<kw name="Set Variable" library="BuiltIn">
<var>${content}</var>
<arg>${p_response_api.content}</arg>
<doc>Returns the given values which can then be assigned to a variables.</doc>
<msg timestamp="20220718 11:16:27.720" level="INFO">${content} = Alright</msg>
<status status="PASS" starttime="20220718 11:16:27.719" endtime="20220718 11:16:27.720"/>
</kw>
<msg timestamp="20220718 11:16:27.720" level="INFO">${actual_code} = 202</msg>
<msg timestamp="20220718 11:16:27.720" level="INFO">${actual_content} = Alright</msg>
<status status="PASS" starttime="20220718 11:16:27.718" endtime="20220718 11:16:27.720"/>
</kw>
<kw name="Assert Response Status Is Correct" library="CommonSteps">
<arg>202</arg>
<arg>${actual_code}</arg>
<kw name="Should Be True" library="BuiltIn">
<arg>'${p_expected_status}'=='${p_actual_status}'</arg>
<arg>msg=Status code return is not correct! Expected '${p_expected_status}' but Actual: '${p_actual_status}'</arg>
<doc>Fails if the given condition is not true.</doc>
<status status="PASS" starttime="20220718 11:16:27.721" endtime="20220718 11:16:27.722"/>
</kw>
<status status="PASS" starttime="20220718 11:16:27.720" endtime="20220718 11:16:27.722"/>
</kw>
<kw name="Assert Response Content Is Correct" library="CommonSteps">
<arg>Alright</arg>
<arg>${actual_content}</arg>
<kw name="Should Be True" library="BuiltIn">
<arg>'${p_expected_content}'=='${p_actual_content}'</arg>
<arg>msg=Response return is not correct! Expected '${p_expected_content}' but Actual: '${p_actual_content}'</arg>
<doc>Fails if the given condition is not true.</doc>
<status status="PASS" starttime="20220718 11:16:27.722" endtime="20220718 11:16:27.723"/>
</kw>
<status status="PASS" starttime="20220718 11:16:27.722" endtime="20220718 11:16:27.724"/>
</kw>
<kw name="Open Browser And Go To Application" library="CommonSteps">
<arg>${BASE_URL}</arg>
<kw name="Open Browser" library="Browser">
<arg>${p_url}</arg>
<arg>browser=${BROWSER}</arg>
<arg>headless=${HEADLESS}</arg>
<tag>BrowserControl</tag>
<tag>Setter</tag>
<doc>Opens a new browser instance. Use this keyword for quick experiments or debugging sessions.
Use `New Page` directly instead of `Open Browser` for production and automated execution.
See `Browser, Context and Page` for more information about Browser and related concepts.</doc>
<msg timestamp="20220718 11:16:27.725" level="WARN">Open Browser is for quick experimentation and debugging only. Use New Page for production.</msg>
<msg timestamp="20220718 11:16:27.725" level="INFO">{"browser": "chromium", "headless": true, "handleSIGINT": true, "handleSIGTERM": true, "handleSIGHUP": true, "timeout": 30000.0, "devtools": false, "slowMo": 0.0, "tracesDir": "/Users/admin/Downloads/assign/Cognizant/Oppenheimer/Reports/browser/traces/3be5585b-cca3-411b-8604-3a4b5941076e"}</msg>
<msg timestamp="20220718 11:16:27.912" level="INFO">Successfully created browser with options: {"browser":"chromium","headless":true,"handleSIGINT":true,"handleSIGTERM":true,"handleSIGHUP":true,"timeout":30000,"devtools":false,"slowMo":0,"tracesDir":"/Users/admin/Downloads/assign/Cognizant/Oppenheimer/Reports/browser/traces/3be5585b-cca3-411b-8604-3a4b5941076e"}</msg>
<msg timestamp="20220718 11:16:27.912" level="INFO">{"acceptDownloads": true, "ignoreHTTPSErrors": false, "bypassCSP": true, "deviceScaleFactor": 1.0, "isMobile": false, "hasTouch": false, "javaScriptEnabled": true, "offline": false, "hideRfBrowser": false, "reducedMotion": "no-preference", "forcedColors": "none"}</msg>
<msg timestamp="20220718 11:16:27.918" level="INFO">Successfully created context. </msg>
<msg timestamp="20220718 11:16:27.918" level="INFO">{'acceptDownloads': True, 'ignoreHTTPSErrors': False, 'bypassCSP': True, 'deviceScaleFactor': 1, 'isMobile': False, 'hasTouch': False, 'javaScriptEnabled': True, 'offline': False, 'hideRfBrowser': False, 'reducedMotion': 'no-preference', 'forcedColors': 'none'}</msg>
<msg timestamp="20220718 11:16:28.995" level="INFO">Successfully initialized new page object and opened url: http://localhost:8080/</msg>
<status status="PASS" starttime="20220718 11:16:27.724" endtime="20220718 11:16:28.995"/>
</kw>
<status status="PASS" starttime="20220718 11:16:27.724" endtime="20220718 11:16:28.995"/>
</kw>
<kw name="Set Variable" library="BuiltIn">
<var>${expected_color}</var>
<arg>rgb(220, 53, 69)</arg>
<doc>Returns the given values which can then be assigned to a variables.</doc>
<msg timestamp="20220718 11:16:28.995" level="INFO">${expected_color} = rgb(220, 53, 69)</msg>
<status status="PASS" starttime="20220718 11:16:28.995" endtime="20220718 11:16:28.995"/>
</kw>
<kw name="Set Variable" library="BuiltIn">
<var>${expected_text}</var>
<arg>Dispense Now</arg>
<doc>Returns the given values which can then be assigned to a variables.</doc>
<msg timestamp="20220718 11:16:28.996" level="INFO">${expected_text} = Dispense Now</msg>
<status status="PASS" starttime="20220718 11:16:28.996" endtime="20220718 11:16:28.996"/>
</kw>
<kw name="Assert BackGround Color Of Button Dispense Is Correct" library="CalculatorFeSteps">
<arg>${expected_color}</arg>
<kw name="Get BackGround Color Of Disepense Now Button" library="IndexPage">
<var>${actual_color}</var>
<doc>This keyword is used getting background color of "Dispense Now" button.</doc>
<kw name="Get Btn Dispense Now" library="IndexPage">
<var>${btn_dispense_now}</var>
<doc>This keyword is used for getting the element button dispense</doc>
<kw name="Set Variable" library="BuiltIn">
<var>${btn_dispense}</var>
<arg>css=a[href=dispense]</arg>
<doc>Returns the given values which can then be assigned to a variables.</doc>
<msg timestamp="20220718 11:16:28.997" level="INFO">${btn_dispense} = css=a[href=dispense]</msg>
<status status="PASS" starttime="20220718 11:16:28.997" endtime="20220718 11:16:28.997"/>
</kw>
<kw name="Wait For Elements State" library="Browser">
<arg>${btn_dispense}</arg>
<arg>visible</arg>
<tag>PageContent</tag>
<tag>Wait</tag>
<doc>Waits for the element found by ``selector`` to satisfy state option.</doc>
<msg timestamp="20220718 11:16:29.023" level="INFO">Waited for Element with selector css=a[href=dispense] at state visible</msg>
<status status="PASS" starttime="20220718 11:16:28.998" endtime="20220718 11:16:29.023"/>
</kw>
<msg timestamp="20220718 11:16:29.023" level="INFO">${btn_dispense_now} = css=a[href=dispense]</msg>
<status status="PASS" starttime="20220718 11:16:28.997" endtime="20220718 11:16:29.023"/>
</kw>
<kw name="Get Style" library="Browser">
<var>${style}</var>
<arg>${btn_dispense_now}</arg>
<tag>Assertion</tag>
<tag>Getter</tag>
<tag>PageContent</tag>
<doc>Gets the computed style properties of the element selected by ``selector``.</doc>
<msg timestamp="20220718 11:16:29.047" level="INFO">${style} = {'accent-color': 'auto', 'align-content': 'normal', 'align-items': 'normal', 'align-self': 'auto', 'alignment-baseline': 'auto', 'animation-delay': '0s', 'animation-direction': 'normal', 'animation-du...</msg>
<status status="PASS" starttime="20220718 11:16:29.023" endtime="20220718 11:16:29.048"/>
</kw>
<kw name="Convert To Dictionary" library="Collections">
<var>${dict}</var>
<arg>${style}</arg>
<doc>Converts the given ``item`` to a Python ``dict`` type.</doc>
<msg timestamp="20220718 11:16:29.048" level="INFO">${dict} = {'accent-color': 'auto', 'align-content': 'normal', 'align-items': 'normal', 'align-self': 'auto', 'alignment-baseline': 'auto', 'animation-delay': '0s', 'animation-direction': 'normal', 'animation-du...</msg>
<status status="PASS" starttime="20220718 11:16:29.048" endtime="20220718 11:16:29.048"/>
</kw>
<kw name="Get From Dictionary" library="Collections">
<var>${bgColor}</var>
<arg>${dict}</arg>
<arg>background-color</arg>
<doc>Returns a value from the given ``dictionary`` based on the given ``key``.</doc>
<msg timestamp="20220718 11:16:29.049" level="INFO">${bgColor} = rgb(220, 53, 69)</msg>
<status status="PASS" starttime="20220718 11:16:29.048" endtime="20220718 11:16:29.049"/>
</kw>
<msg timestamp="20220718 11:16:29.049" level="INFO">${actual_color} = rgb(220, 53, 69)</msg>
<status status="PASS" starttime="20220718 11:16:28.996" endtime="20220718 11:16:29.049"/>
</kw>
<kw name="Should Be True" library="BuiltIn">
<arg>'${actual_color}'=='${p_expected_color}'</arg>
<arg>msg=back ground color is not correct. Expected '${p_expected_color}' But actual '${actual_color}'</arg>
<doc>Fails if the given condition is not true.</doc>
<status status="PASS" starttime="20220718 11:16:29.049" endtime="20220718 11:16:29.050"/>
</kw>
<status status="PASS" starttime="20220718 11:16:28.996" endtime="20220718 11:16:29.050"/>
</kw>
<kw name="Assert The Text Of Button Dispense Is Correct" library="CalculatorFeSteps">
<arg>${expected_text}</arg>
<kw name="Get Text Of Dispense Now Button" library="IndexPage">
<var>${actual_text}</var>
<doc>This keyword is used getting text of the button "Dispense Now" and return its text.</doc>
<kw name="Get Btn Dispense Now" library="IndexPage">
<var>${btn_dispense_now}</var>
<doc>This keyword is used for getting the element button dispense</doc>
<kw name="Set Variable" library="BuiltIn">
<var>${btn_dispense}</var>
<arg>css=a[href=dispense]</arg>
<doc>Returns the given values which can then be assigned to a variables.</doc>
<msg timestamp="20220718 11:16:29.051" level="INFO">${btn_dispense} = css=a[href=dispense]</msg>
<status status="PASS" starttime="20220718 11:16:29.051" endtime="20220718 11:16:29.051"/>
</kw>
<kw name="Wait For Elements State" library="Browser">
<arg>${btn_dispense}</arg>
<arg>visible</arg>
<tag>PageContent</tag>
<tag>Wait</tag>
<doc>Waits for the element found by ``selector`` to satisfy state option.</doc>
<msg timestamp="20220718 11:16:29.056" level="INFO">Waited for Element with selector css=a[href=dispense] at state visible</msg>
<status status="PASS" starttime="20220718 11:16:29.051" endtime="20220718 11:16:29.056"/>
</kw>
<msg timestamp="20220718 11:16:29.057" level="INFO">${btn_dispense_now} = css=a[href=dispense]</msg>
<status status="PASS" starttime="20220718 11:16:29.050" endtime="20220718 11:16:29.057"/>
</kw>
<kw name="Get Text" library="Browser">
<var>${text}</var>
<arg>${btn_dispense_now}</arg>
<tag>Assertion</tag>
<tag>Getter</tag>
<tag>PageContent</tag>
<doc>Returns text attribute of the element found by ``selector``.</doc>
<msg timestamp="20220718 11:16:29.066" level="INFO">${text} = Dispense Now</msg>
<status status="PASS" starttime="20220718 11:16:29.057" endtime="20220718 11:16:29.066"/>
</kw>
<msg timestamp="20220718 11:16:29.067" level="INFO">${actual_text} = Dispense Now</msg>
<status status="PASS" starttime="20220718 11:16:29.050" endtime="20220718 11:16:29.067"/>
</kw>
<kw name="Should Be True" library="BuiltIn">
<arg>'${actual_text}'=='${p_expected_text}'</arg>
<arg>msg=Text of button dispense is not correct. Expected: '${actual_text}' but actual '${p_expected_text}'</arg>
<doc>Fails if the given condition is not true.</doc>
<status status="PASS" starttime="20220718 11:16:29.067" endtime="20220718 11:16:29.067"/>
</kw>
<status status="PASS" starttime="20220718 11:16:29.050" endtime="20220718 11:16:29.068"/>
</kw>
<kw name="Dispense Tax Relieve" library="CalculatorFeSteps">
<kw name="Click Button Dispense Now" library="IndexPage">
<doc>This keyword is used clicking the button "Dispense Now"</doc>
<kw name="Get Btn Dispense Now" library="IndexPage">
<var>${btn_dispense_now}</var>
<doc>This keyword is used for getting the element button dispense</doc>
<kw name="Set Variable" library="BuiltIn">
<var>${btn_dispense}</var>
<arg>css=a[href=dispense]</arg>
<doc>Returns the given values which can then be assigned to a variables.</doc>
<msg timestamp="20220718 11:16:29.069" level="INFO">${btn_dispense} = css=a[href=dispense]</msg>
<status status="PASS" starttime="20220718 11:16:29.069" endtime="20220718 11:16:29.069"/>
</kw>
<kw name="Wait For Elements State" library="Browser">
<arg>${btn_dispense}</arg>
<arg>visible</arg>
<tag>PageContent</tag>
<tag>Wait</tag>
<doc>Waits for the element found by ``selector`` to satisfy state option.</doc>
<msg timestamp="20220718 11:16:29.074" level="INFO">Waited for Element with selector css=a[href=dispense] at state visible</msg>
<status status="PASS" starttime="20220718 11:16:29.069" endtime="20220718 11:16:29.074"/>
</kw>
<msg timestamp="20220718 11:16:29.075" level="INFO">${btn_dispense_now} = css=a[href=dispense]</msg>
<status status="PASS" starttime="20220718 11:16:29.068" endtime="20220718 11:16:29.075"/>
</kw>
<kw name="Click" library="Browser">
<arg>${btn_dispense_now}</arg>
<tag>PageContent</tag>
<tag>Setter</tag>
<doc>Simulates mouse click on the element found by ``selector``.</doc>
<status status="PASS" starttime="20220718 11:16:29.075" endtime="20220718 11:16:29.145"/>
</kw>
<status status="PASS" starttime="20220718 11:16:29.068" endtime="20220718 11:16:29.145"/>
</kw>
<status status="PASS" starttime="20220718 11:16:29.068" endtime="20220718 11:16:29.145"/>
</kw>
<kw name="Assert Dispense Successfully" library="CalculatorFeSteps">
<kw name="Get Title Of Dispense Page" library="DispensePage">
<var>${title}</var>
<doc>This keyword is used for getting page title and return page title.</doc>
<kw name="Get Title" library="Browser">
<var>${title}</var>
<tag>Assertion</tag>
<tag>Getter</tag>
<tag>PageContent</tag>
<doc>Returns the title of the current page.</doc>
<msg timestamp="20220718 11:16:29.149" level="INFO">${title} = Dispense!!</msg>
<status status="PASS" starttime="20220718 11:16:29.146" endtime="20220718 11:16:29.149"/>
</kw>
<msg timestamp="20220718 11:16:29.149" level="INFO">${title} = Dispense!!</msg>
<status status="PASS" starttime="20220718 11:16:29.145" endtime="20220718 11:16:29.149"/>
</kw>
<kw name="Get Page Source Of Dispense Page" library="DispensePage">
<var>${source}</var>
<doc>This keyword is used for getting page source and return page source</doc>
<kw name="Get Page Source" library="Browser">
<var>${source}</var>
<tag>Assertion</tag>
<tag>Getter</tag>
<tag>PageContent</tag>
<doc>Gets pages HTML source as a string.</doc>
<msg timestamp="20220718 11:16:29.153" level="INFO">${source} = &lt;!DOCTYPE html&gt;&lt;html lang="en"&gt;&lt;head&gt;
    &lt;title&gt;Dispense!!&lt;/title&gt;
    &lt;link href="https://fonts.googleapis.com/css?family=Roboto:100,300,400,500,700,900" rel="stylesheet"&gt;
    &lt;link href="https://cd...</msg>
<status status="PASS" starttime="20220718 11:16:29.150" endtime="20220718 11:16:29.153"/>
</kw>
<msg timestamp="20220718 11:16:29.153" level="INFO">${source} = &lt;!DOCTYPE html&gt;&lt;html lang="en"&gt;&lt;head&gt;
    &lt;title&gt;Dispense!!&lt;/title&gt;
    &lt;link href="https://fonts.googleapis.com/css?family=Roboto:100,300,400,500,700,900" rel="stylesheet"&gt;
    &lt;link href="https://cd...</msg>
<status status="PASS" starttime="20220718 11:16:29.150" endtime="20220718 11:16:29.153"/>
</kw>
<kw name="Should Be True" library="BuiltIn">
<arg>'${title}'=='Dispense!!'</arg>
<arg>msg=Page title is not correct. Expected 'Dispense!!' but actual '${title}'</arg>
<doc>Fails if the given condition is not true.</doc>
<status status="PASS" starttime="20220718 11:16:29.154" endtime="20220718 11:16:29.154"/>
</kw>
<kw name="Evaluate" library="BuiltIn">
<var>${exist}</var>
<arg>"""Cash dispensed""" in """${source}"""</arg>
<doc>Evaluates the given expression in Python and returns the result.</doc>
<msg timestamp="20220718 11:16:29.155" level="INFO">${exist} = True</msg>
<status status="PASS" starttime="20220718 11:16:29.154" endtime="20220718 11:16:29.155"/>
</kw>
<kw name="Should Be True" library="BuiltIn">
<arg>${exist}==True</arg>
<arg>msg=Page did not contain Cash dispensed!</arg>
<doc>Fails if the given condition is not true.</doc>
<status status="PASS" starttime="20220718 11:16:29.155" endtime="20220718 11:16:29.155"/>
</kw>
<status status="PASS" starttime="20220718 11:16:29.145" endtime="20220718 11:16:29.155"/>
</kw>
<kw name="Close Browser" library="Browser" type="TEARDOWN">
<tag>BrowserControl</tag>
<tag>Setter</tag>
<doc>Closes the current browser.</doc>
<msg timestamp="20220718 11:16:29.182" level="INFO">Closed browser</msg>
<status status="PASS" starttime="20220718 11:16:29.156" endtime="20220718 11:16:29.182"/>
</kw>
<doc>This test case is used for testing dispense now function.
Pre-condition: we will clear our database first to avoid duplicate data inserted.
Step 1: we will generate list of insert person
Step 2 : we will send request to insert multiple persons for data testing.
Step 3: we open the browser and validate the color of dispense button is red and the text is "Dispense Now"
Step 4: we will click dispense button and it will navigate to other page.
Step 5: we will wait until page load complete and get source of the page and validate the source page contains the text "Cash dispensed"</doc>
<tag>calculator</tag>
<tag>fe</tag>
<tag>temp</tag>
<status status="PASS" starttime="20220718 11:16:27.684" endtime="20220718 11:16:29.182"/>
</test>
<doc>This test suite contains all front end test cases related to Calculator features.</doc>
<status status="PASS" starttime="20220718 11:15:54.936" endtime="20220718 11:16:29.184"/>
</suite>
<status status="PASS" starttime="20220718 11:15:54.934" endtime="20220718 11:16:29.186"/>
</suite>
<status status="PASS" starttime="20220718 11:15:52.830" endtime="20220718 11:16:29.187"/>
</suite>
<statistics>
<total>
<stat pass="8" fail="0" skip="0">All Tests</stat>
</total>
<tag>
<stat pass="6" fail="0" skip="0">api</stat>
<stat pass="8" fail="0" skip="0">calculator</stat>
<stat pass="2" fail="0" skip="0">fe</stat>
<stat pass="2" fail="0" skip="0">temp</stat>
</tag>
<suite>
<stat pass="8" fail="0" skip="0" id="s1" name="Testsuites">Testsuites</stat>
<stat pass="6" fail="0" skip="0" id="s1-s1" name="Api">Testsuites.Api</stat>
<stat pass="6" fail="0" skip="0" id="s1-s1-s1" name="CalculatorApiTestsuite">Testsuites.Api.CalculatorApiTestsuite</stat>
<stat pass="2" fail="0" skip="0" id="s1-s2" name="Fe">Testsuites.Fe</stat>
<stat pass="2" fail="0" skip="0" id="s1-s2-s1" name="CalculatorFeTestsuite">Testsuites.Fe.CalculatorFeTestsuite</stat>
</suite>
</statistics>
<errors>
<msg timestamp="20220718 11:15:55.013" level="WARN">Open Browser is for quick experimentation and debugging only. Use New Page for production.</msg>
<msg timestamp="20220718 11:16:27.725" level="WARN">Open Browser is for quick experimentation and debugging only. Use New Page for production.</msg>
</errors>
</robot>
